2023-02-07 09:03:12.636  INFO 70749 --- [restartedMain] z.z.ZaritalkcommunityApplication         : Starting ZaritalkcommunityApplication using Java 11.0.16 on HSui-MacBookPro.local with PID 70749 (/Users/hyeseoneun/study/zaritalkcommunity/build/classes/java/main started by hyeseoneun in /Users/hyeseoneun/study/zaritalkcommunity)
2023-02-07 09:03:12.637  INFO 70749 --- [restartedMain] z.z.ZaritalkcommunityApplication         : No active profile set, falling back to 1 default profile: "default"
2023-02-07 09:03:12.711  INFO 70749 --- [restartedMain] .e.DevToolsPropertyDefaultsPostProcessor : Devtools property defaults active! Set 'spring.devtools.add-properties' to 'false' to disable
2023-02-07 09:03:12.712  INFO 70749 --- [restartedMain] .e.DevToolsPropertyDefaultsPostProcessor : For additional web related logging consider setting the 'logging.level.web' property to 'DEBUG'
2023-02-07 09:03:13.500  INFO 70749 --- [restartedMain] .s.d.r.c.RepositoryConfigurationDelegate : Bootstrapping Spring Data JPA repositories in DEFAULT mode.
2023-02-07 09:03:13.566  INFO 70749 --- [restartedMain] .s.d.r.c.RepositoryConfigurationDelegate : Finished Spring Data repository scanning in 58 ms. Found 3 JPA repository interfaces.
2023-02-07 09:03:14.410  INFO 70749 --- [restartedMain] o.s.b.w.embedded.tomcat.TomcatWebServer  : Tomcat initialized with port(s): 8080 (http)
2023-02-07 09:03:14.425  INFO 70749 --- [restartedMain] o.apache.catalina.core.StandardService   : Starting service [Tomcat]
2023-02-07 09:03:14.425  INFO 70749 --- [restartedMain] org.apache.catalina.core.StandardEngine  : Starting Servlet engine: [Apache Tomcat/9.0.71]
2023-02-07 09:03:14.506  INFO 70749 --- [restartedMain] o.a.c.c.C.[Tomcat].[localhost].[/]       : Initializing Spring embedded WebApplicationContext
2023-02-07 09:03:14.506  INFO 70749 --- [restartedMain] w.s.c.ServletWebServerApplicationContext : Root WebApplicationContext: initialization completed in 1794 ms
2023-02-07 09:03:14.544  INFO 70749 --- [restartedMain] com.zaxxer.hikari.HikariDataSource       : HikariPool-1 - Starting...
2023-02-07 09:03:14.650  INFO 70749 --- [restartedMain] com.zaxxer.hikari.HikariDataSource       : HikariPool-1 - Start completed.
2023-02-07 09:03:14.667  INFO 70749 --- [restartedMain] o.s.b.a.h2.H2ConsoleAutoConfiguration    : H2 console available at '/h2-console'. Database available at 'jdbc:h2:tcp://localhost/~/zaricommunity'
2023-02-07 09:03:14.864  INFO 70749 --- [restartedMain] o.hibernate.jpa.internal.util.LogHelper  : HHH000204: Processing PersistenceUnitInfo [name: default]
2023-02-07 09:03:14.939  INFO 70749 --- [restartedMain] org.hibernate.Version                    : HHH000412: Hibernate ORM core version 5.6.14.Final
2023-02-07 09:03:15.156  INFO 70749 --- [restartedMain] o.hibernate.annotations.common.Version   : HCANN000001: Hibernate Commons Annotations {5.1.2.Final}
2023-02-07 09:03:15.330  INFO 70749 --- [restartedMain] org.hibernate.dialect.Dialect            : HHH000400: Using dialect: org.hibernate.dialect.H2Dialect
2023-02-07 09:03:15.375  INFO 70749 --- [restartedMain] o.h.e.boot.internal.EnversServiceImpl    : Envers integration enabled? : true
2023-02-07 09:03:16.870 DEBUG 70749 --- [restartedMain] org.hibernate.SQL                        : 
    
    drop table if exists comments CASCADE 
2023-02-07 09:03:16.875 DEBUG 70749 --- [restartedMain] org.hibernate.SQL                        : 
    
    drop table if exists likes CASCADE 
2023-02-07 09:03:16.876 DEBUG 70749 --- [restartedMain] org.hibernate.SQL                        : 
    
    drop table if exists member CASCADE 
2023-02-07 09:03:16.876 DEBUG 70749 --- [restartedMain] org.hibernate.SQL                        : 
    
    drop table if exists posts CASCADE 
2023-02-07 09:03:16.877 DEBUG 70749 --- [restartedMain] org.hibernate.SQL                        : 
    
    drop table if exists posts_aud CASCADE 
2023-02-07 09:03:16.877 DEBUG 70749 --- [restartedMain] org.hibernate.SQL                        : 
    
    drop table if exists revinfo CASCADE 
2023-02-07 09:03:16.878 DEBUG 70749 --- [restartedMain] org.hibernate.SQL                        : 
    
    drop sequence if exists hibernate_sequence
2023-02-07 09:03:16.881 DEBUG 70749 --- [restartedMain] org.hibernate.SQL                        : create sequence hibernate_sequence start with 1 increment by 1
2023-02-07 09:03:16.882 DEBUG 70749 --- [restartedMain] org.hibernate.SQL                        : 
    
    create table comments (
       comment_id bigint not null,
        detail varchar(255),
        member_id bigint,
        post_id bigint,
        primary key (comment_id)
    )
2023-02-07 09:03:16.883 DEBUG 70749 --- [restartedMain] org.hibernate.SQL                        : 
    
    create table likes (
       like_id bigint generated by default as identity,
        member_id bigint,
        post_id bigint,
        primary key (like_id)
    )
2023-02-07 09:03:16.883 DEBUG 70749 --- [restartedMain] org.hibernate.SQL                        : 
    
    create table member (
       member_id bigint generated by default as identity,
        account_id varchar(255),
        account_type varchar(255),
        nickname varchar(255),
        password varchar(255),
        quit boolean default false not null,
        primary key (member_id)
    )
2023-02-07 09:03:16.884 DEBUG 70749 --- [restartedMain] org.hibernate.SQL                        : 
    
    create table posts (
       post_id bigint generated by default as identity,
        created_at timestamp,
        deleted_at timestamp,
        updated_at timestamp,
        contents varchar(255),
        is_like boolean default false,
        title varchar(255),
        member_id bigint,
        primary key (post_id)
    )
2023-02-07 09:03:16.884 DEBUG 70749 --- [restartedMain] org.hibernate.SQL                        : 
    
    create table posts_aud (
       post_id bigint not null,
        rev integer not null,
        revtype tinyint,
        contents varchar(255),
        is_like boolean,
        title varchar(255),
        member_id bigint,
        primary key (post_id, rev)
    )
2023-02-07 09:03:16.887 DEBUG 70749 --- [restartedMain] org.hibernate.SQL                        : 
    
    create table revinfo (
       rev integer generated by default as identity,
        revtstmp bigint,
        primary key (rev)
    )
2023-02-07 09:03:16.887 DEBUG 70749 --- [restartedMain] org.hibernate.SQL                        : 
    
    alter table comments 
       add constraint FK5my97to6xmqeuycmeelttgj44 
       foreign key (member_id) 
       references member
2023-02-07 09:03:16.889 DEBUG 70749 --- [restartedMain] org.hibernate.SQL                        : 
    
    alter table comments 
       add constraint FKh4c7lvsc298whoyd4w9ta25cr 
       foreign key (post_id) 
       references posts
2023-02-07 09:03:16.890 DEBUG 70749 --- [restartedMain] org.hibernate.SQL                        : 
    
    alter table likes 
       add constraint FKa4vkf1skcfu5r6o5gfb5jf295 
       foreign key (member_id) 
       references member
2023-02-07 09:03:16.892 DEBUG 70749 --- [restartedMain] org.hibernate.SQL                        : 
    
    alter table likes 
       add constraint FKry8tnr4x2vwemv2bb0h5hyl0x 
       foreign key (post_id) 
       references posts
2023-02-07 09:03:16.893 DEBUG 70749 --- [restartedMain] org.hibernate.SQL                        : 
    
    alter table posts 
       add constraint FK3vu9977d08lqidrhcrqts8e1r 
       foreign key (member_id) 
       references member
2023-02-07 09:03:16.894 DEBUG 70749 --- [restartedMain] org.hibernate.SQL                        : 
    
    alter table posts_aud 
       add constraint FKgd2crtj4u69d0y8bba9jwogbi 
       foreign key (rev) 
       references revinfo
2023-02-07 09:03:16.896  INFO 70749 --- [restartedMain] o.h.e.t.j.p.i.JtaPlatformInitiator       : HHH000490: Using JtaPlatform implementation: [org.hibernate.engine.transaction.jta.platform.internal.NoJtaPlatform]
2023-02-07 09:03:16.905  INFO 70749 --- [restartedMain] j.LocalContainerEntityManagerFactoryBean : Initialized JPA EntityManagerFactory for persistence unit 'default'
2023-02-07 09:03:17.102 DEBUG 70749 --- [restartedMain] org.hibernate.SQL                        : 
    insert 
    into
        member
        (member_id, account_id, account_type, nickname, password, quit) 
    values
        (default, ?, ?, ?, ?, ?)
2023-02-07 09:03:17.120 DEBUG 70749 --- [restartedMain] org.hibernate.SQL                        : 
    insert 
    into
        member
        (member_id, account_id, account_type, nickname, password, quit) 
    values
        (default, ?, ?, ?, ?, ?)
2023-02-07 09:03:17.121 DEBUG 70749 --- [restartedMain] org.hibernate.SQL                        : 
    insert 
    into
        member
        (member_id, account_id, account_type, nickname, password, quit) 
    values
        (default, ?, ?, ?, ?, ?)
2023-02-07 09:03:17.270 DEBUG 70749 --- [restartedMain] org.hibernate.SQL                        : 
    insert 
    into
        posts
        (post_id, created_at, deleted_at, updated_at, contents, is_like, member_id, title) 
    values
        (default, ?, ?, ?, ?, ?, ?, ?)
2023-02-07 09:03:17.277 DEBUG 70749 --- [restartedMain] org.hibernate.SQL                        : 
    insert 
    into
        posts
        (post_id, created_at, deleted_at, updated_at, contents, is_like, member_id, title) 
    values
        (default, ?, ?, ?, ?, ?, ?, ?)
2023-02-07 09:03:17.279 DEBUG 70749 --- [restartedMain] org.hibernate.SQL                        : 
    insert 
    into
        posts
        (post_id, created_at, deleted_at, updated_at, contents, is_like, member_id, title) 
    values
        (default, ?, ?, ?, ?, ?, ?, ?)
2023-02-07 09:03:17.280 DEBUG 70749 --- [restartedMain] org.hibernate.SQL                        : 
    insert 
    into
        likes
        (like_id, member_id, post_id) 
    values
        (default, ?, ?)
2023-02-07 09:03:17.281 DEBUG 70749 --- [restartedMain] org.hibernate.SQL                        : 
    insert 
    into
        likes
        (like_id, member_id, post_id) 
    values
        (default, ?, ?)
2023-02-07 09:03:17.293 DEBUG 70749 --- [restartedMain] org.hibernate.SQL                        : 
    insert 
    into
        revinfo
        (rev, revtstmp) 
    values
        (default, ?)
2023-02-07 09:03:17.302 DEBUG 70749 --- [restartedMain] org.hibernate.SQL                        : 
    insert 
    into
        posts_aud
        (revtype, contents, is_like, title, member_id, post_id, rev) 
    values
        (?, ?, ?, ?, ?, ?, ?)
2023-02-07 09:03:17.304 DEBUG 70749 --- [restartedMain] org.hibernate.SQL                        : 
    insert 
    into
        posts_aud
        (revtype, contents, is_like, title, member_id, post_id, rev) 
    values
        (?, ?, ?, ?, ?, ?, ?)
2023-02-07 09:03:17.305 DEBUG 70749 --- [restartedMain] org.hibernate.SQL                        : 
    insert 
    into
        posts_aud
        (revtype, contents, is_like, title, member_id, post_id, rev) 
    values
        (?, ?, ?, ?, ?, ?, ?)
2023-02-07 09:03:17.995  INFO 70749 --- [restartedMain] o.s.s.web.DefaultSecurityFilterChain     : Will secure any request with [org.springframework.security.web.session.DisableEncodeUrlFilter@69f3d017, org.springframework.security.web.context.request.async.WebAsyncManagerIntegrationFilter@7227dd10, org.springframework.security.web.context.SecurityContextPersistenceFilter@1af96787, org.springframework.security.web.header.HeaderWriterFilter@62973042, org.springframework.security.web.csrf.CsrfFilter@654ce79d, org.springframework.security.web.authentication.logout.LogoutFilter@46553709, org.springframework.security.web.authentication.www.BasicAuthenticationFilter@1cb0efe6, org.springframework.security.web.savedrequest.RequestCacheAwareFilter@2f632477, org.springframework.security.web.servletapi.SecurityContextHolderAwareRequestFilter@2b1c4f66, org.springframework.security.web.authentication.AnonymousAuthenticationFilter@2ada36a, org.springframework.security.web.session.SessionManagementFilter@64cb85ec, org.springframework.security.web.access.ExceptionTranslationFilter@62a2aa55, org.springframework.security.web.access.intercept.FilterSecurityInterceptor@2828e685]
2023-02-07 09:03:18.137  WARN 70749 --- [restartedMain] JpaBaseConfiguration$JpaWebConfiguration : spring.jpa.open-in-view is enabled by default. Therefore, database queries may be performed during view rendering. Explicitly configure spring.jpa.open-in-view to disable this warning
2023-02-07 09:03:18.356  INFO 70749 --- [restartedMain] o.s.b.a.w.s.WelcomePageHandlerMapping    : Adding welcome page template: index
2023-02-07 09:03:18.615  INFO 70749 --- [restartedMain] o.s.b.d.a.OptionalLiveReloadServer       : LiveReload server is running on port 35729
2023-02-07 09:03:18.657  INFO 70749 --- [restartedMain] o.s.b.w.embedded.tomcat.TomcatWebServer  : Tomcat started on port(s): 8080 (http) with context path ''
2023-02-07 09:03:18.667  INFO 70749 --- [restartedMain] z.z.ZaritalkcommunityApplication         : Started ZaritalkcommunityApplication in 6.8 seconds (JVM running for 7.359)
2023-02-07 09:03:47.352  INFO 70749 --- [File Watcher] rtingClassPathChangeChangedEventListener : Restarting due to 6 class path changes (0 additions, 6 deletions, 0 modifications)
2023-02-07 09:03:47.368  INFO 70749 --- [Thread-5] o.apache.catalina.core.StandardService   : Stopping service [Tomcat]
2023-02-07 09:03:47.393  INFO 70749 --- [Thread-5] j.LocalContainerEntityManagerFactoryBean : Closing JPA EntityManagerFactory for persistence unit 'default'
2023-02-07 09:03:47.396  INFO 70749 --- [Thread-5] com.zaxxer.hikari.HikariDataSource       : HikariPool-1 - Shutdown initiated...
2023-02-07 09:03:47.407  INFO 70749 --- [Thread-5] com.zaxxer.hikari.HikariDataSource       : HikariPool-1 - Shutdown completed.
2023-02-07 09:03:47.530  INFO 70749 --- [restartedMain] z.z.ZaritalkcommunityApplication         : Starting ZaritalkcommunityApplication using Java 11.0.16 on HSui-MacBookPro.local with PID 70749 (/Users/hyeseoneun/study/zaritalkcommunity/build/classes/java/main started by hyeseoneun in /Users/hyeseoneun/study/zaritalkcommunity)
2023-02-07 09:03:47.531  INFO 70749 --- [restartedMain] z.z.ZaritalkcommunityApplication         : No active profile set, falling back to 1 default profile: "default"
2023-02-07 09:03:47.787  INFO 70749 --- [restartedMain] .s.d.r.c.RepositoryConfigurationDelegate : Bootstrapping Spring Data JPA repositories in DEFAULT mode.
2023-02-07 09:03:47.808  INFO 70749 --- [restartedMain] .s.d.r.c.RepositoryConfigurationDelegate : Finished Spring Data repository scanning in 20 ms. Found 3 JPA repository interfaces.
2023-02-07 09:03:47.955  INFO 70749 --- [restartedMain] o.s.b.w.embedded.tomcat.TomcatWebServer  : Tomcat initialized with port(s): 8080 (http)
2023-02-07 09:03:47.956  INFO 70749 --- [restartedMain] o.apache.catalina.core.StandardService   : Starting service [Tomcat]
2023-02-07 09:03:47.956  INFO 70749 --- [restartedMain] org.apache.catalina.core.StandardEngine  : Starting Servlet engine: [Apache Tomcat/9.0.71]
2023-02-07 09:03:47.980  INFO 70749 --- [restartedMain] o.a.c.c.C.[Tomcat].[localhost].[/]       : Initializing Spring embedded WebApplicationContext
2023-02-07 09:03:47.980  INFO 70749 --- [restartedMain] w.s.c.ServletWebServerApplicationContext : Root WebApplicationContext: initialization completed in 447 ms
2023-02-07 09:03:48.000  INFO 70749 --- [restartedMain] com.zaxxer.hikari.HikariDataSource       : HikariPool-2 - Starting...
2023-02-07 09:03:48.004  INFO 70749 --- [restartedMain] com.zaxxer.hikari.HikariDataSource       : HikariPool-2 - Start completed.
2023-02-07 09:03:48.027  INFO 70749 --- [restartedMain] o.s.b.a.h2.H2ConsoleAutoConfiguration    : H2 console available at '/h2-console'. Database available at 'jdbc:h2:tcp://localhost/~/zaricommunity'
2023-02-07 09:03:48.077  INFO 70749 --- [restartedMain] o.hibernate.jpa.internal.util.LogHelper  : HHH000204: Processing PersistenceUnitInfo [name: default]
2023-02-07 09:03:48.092  INFO 70749 --- [restartedMain] org.hibernate.dialect.Dialect            : HHH000400: Using dialect: org.hibernate.dialect.H2Dialect
2023-02-07 09:03:48.109  INFO 70749 --- [restartedMain] o.h.e.boot.internal.EnversServiceImpl    : Envers integration enabled? : true
2023-02-07 09:03:48.286 DEBUG 70749 --- [restartedMain] org.hibernate.SQL                        : 
    
    drop table if exists comments CASCADE 
2023-02-07 09:03:48.303 DEBUG 70749 --- [restartedMain] org.hibernate.SQL                        : 
    
    drop table if exists likes CASCADE 
2023-02-07 09:03:48.308 DEBUG 70749 --- [restartedMain] org.hibernate.SQL                        : 
    
    drop table if exists member CASCADE 
2023-02-07 09:03:48.329 DEBUG 70749 --- [restartedMain] org.hibernate.SQL                        : 
    
    drop table if exists posts CASCADE 
2023-02-07 09:03:48.330 DEBUG 70749 --- [restartedMain] org.hibernate.SQL                        : 
    
    drop table if exists posts_aud CASCADE 
2023-02-07 09:03:48.331 DEBUG 70749 --- [restartedMain] org.hibernate.SQL                        : 
    
    drop table if exists revinfo CASCADE 
2023-02-07 09:03:48.331 DEBUG 70749 --- [restartedMain] org.hibernate.SQL                        : 
    
    drop sequence if exists hibernate_sequence
2023-02-07 09:03:48.352 DEBUG 70749 --- [restartedMain] org.hibernate.SQL                        : create sequence hibernate_sequence start with 1 increment by 1
2023-02-07 09:03:48.353 DEBUG 70749 --- [restartedMain] org.hibernate.SQL                        : 
    
    create table comments (
       comment_id bigint not null,
        detail varchar(255),
        member_id bigint,
        post_id bigint,
        primary key (comment_id)
    )
2023-02-07 09:03:48.373 DEBUG 70749 --- [restartedMain] org.hibernate.SQL                        : 
    
    create table likes (
       like_id bigint generated by default as identity,
        member_id bigint,
        post_id bigint,
        primary key (like_id)
    )
2023-02-07 09:03:48.375 DEBUG 70749 --- [restartedMain] org.hibernate.SQL                        : 
    
    create table member (
       member_id bigint generated by default as identity,
        account_id varchar(255),
        account_type varchar(255),
        nickname varchar(255),
        password varchar(255),
        quit boolean default false not null,
        primary key (member_id)
    )
2023-02-07 09:03:48.376 DEBUG 70749 --- [restartedMain] org.hibernate.SQL                        : 
    
    create table posts (
       post_id bigint generated by default as identity,
        created_at timestamp,
        deleted_at timestamp,
        updated_at timestamp,
        contents varchar(255),
        is_like boolean default false,
        title varchar(255),
        member_id bigint,
        primary key (post_id)
    )
2023-02-07 09:03:48.377 DEBUG 70749 --- [restartedMain] org.hibernate.SQL                        : 
    
    create table posts_aud (
       post_id bigint not null,
        rev integer not null,
        revtype tinyint,
        contents varchar(255),
        is_like boolean,
        title varchar(255),
        member_id bigint,
        primary key (post_id, rev)
    )
2023-02-07 09:03:48.378 DEBUG 70749 --- [restartedMain] org.hibernate.SQL                        : 
    
    create table revinfo (
       rev integer generated by default as identity,
        revtstmp bigint,
        primary key (rev)
    )
2023-02-07 09:03:48.379 DEBUG 70749 --- [restartedMain] org.hibernate.SQL                        : 
    
    alter table comments 
       add constraint FK5my97to6xmqeuycmeelttgj44 
       foreign key (member_id) 
       references member
2023-02-07 09:03:48.380 DEBUG 70749 --- [restartedMain] org.hibernate.SQL                        : 
    
    alter table comments 
       add constraint FKh4c7lvsc298whoyd4w9ta25cr 
       foreign key (post_id) 
       references posts
2023-02-07 09:03:48.382 DEBUG 70749 --- [restartedMain] org.hibernate.SQL                        : 
    
    alter table likes 
       add constraint FKa4vkf1skcfu5r6o5gfb5jf295 
       foreign key (member_id) 
       references member
2023-02-07 09:03:48.383 DEBUG 70749 --- [restartedMain] org.hibernate.SQL                        : 
    
    alter table likes 
       add constraint FKry8tnr4x2vwemv2bb0h5hyl0x 
       foreign key (post_id) 
       references posts
2023-02-07 09:03:48.384 DEBUG 70749 --- [restartedMain] org.hibernate.SQL                        : 
    
    alter table posts 
       add constraint FK3vu9977d08lqidrhcrqts8e1r 
       foreign key (member_id) 
       references member
2023-02-07 09:03:48.386 DEBUG 70749 --- [restartedMain] org.hibernate.SQL                        : 
    
    alter table posts_aud 
       add constraint FKgd2crtj4u69d0y8bba9jwogbi 
       foreign key (rev) 
       references revinfo
2023-02-07 09:03:48.387  INFO 70749 --- [restartedMain] o.h.e.t.j.p.i.JtaPlatformInitiator       : HHH000490: Using JtaPlatform implementation: [org.hibernate.engine.transaction.jta.platform.internal.NoJtaPlatform]
2023-02-07 09:03:48.388  INFO 70749 --- [restartedMain] j.LocalContainerEntityManagerFactoryBean : Initialized JPA EntityManagerFactory for persistence unit 'default'
2023-02-07 09:03:48.434 DEBUG 70749 --- [restartedMain] org.hibernate.SQL                        : 
    insert 
    into
        member
        (member_id, account_id, account_type, nickname, password, quit) 
    values
        (default, ?, ?, ?, ?, ?)
2023-02-07 09:03:48.436 DEBUG 70749 --- [restartedMain] org.hibernate.SQL                        : 
    insert 
    into
        member
        (member_id, account_id, account_type, nickname, password, quit) 
    values
        (default, ?, ?, ?, ?, ?)
2023-02-07 09:03:48.437 DEBUG 70749 --- [restartedMain] org.hibernate.SQL                        : 
    insert 
    into
        member
        (member_id, account_id, account_type, nickname, password, quit) 
    values
        (default, ?, ?, ?, ?, ?)
2023-02-07 09:03:48.462 DEBUG 70749 --- [restartedMain] org.hibernate.SQL                        : 
    insert 
    into
        posts
        (post_id, created_at, deleted_at, updated_at, contents, is_like, member_id, title) 
    values
        (default, ?, ?, ?, ?, ?, ?, ?)
2023-02-07 09:03:48.464 DEBUG 70749 --- [restartedMain] org.hibernate.SQL                        : 
    insert 
    into
        posts
        (post_id, created_at, deleted_at, updated_at, contents, is_like, member_id, title) 
    values
        (default, ?, ?, ?, ?, ?, ?, ?)
2023-02-07 09:03:48.466 DEBUG 70749 --- [restartedMain] org.hibernate.SQL                        : 
    insert 
    into
        posts
        (post_id, created_at, deleted_at, updated_at, contents, is_like, member_id, title) 
    values
        (default, ?, ?, ?, ?, ?, ?, ?)
2023-02-07 09:03:48.468 DEBUG 70749 --- [restartedMain] org.hibernate.SQL                        : 
    insert 
    into
        likes
        (like_id, member_id, post_id) 
    values
        (default, ?, ?)
2023-02-07 09:03:48.469 DEBUG 70749 --- [restartedMain] org.hibernate.SQL                        : 
    insert 
    into
        likes
        (like_id, member_id, post_id) 
    values
        (default, ?, ?)
2023-02-07 09:03:48.471 DEBUG 70749 --- [restartedMain] org.hibernate.SQL                        : 
    insert 
    into
        revinfo
        (rev, revtstmp) 
    values
        (default, ?)
2023-02-07 09:03:48.473 DEBUG 70749 --- [restartedMain] org.hibernate.SQL                        : 
    insert 
    into
        posts_aud
        (revtype, contents, is_like, title, member_id, post_id, rev) 
    values
        (?, ?, ?, ?, ?, ?, ?)
2023-02-07 09:03:48.474 DEBUG 70749 --- [restartedMain] org.hibernate.SQL                        : 
    insert 
    into
        posts_aud
        (revtype, contents, is_like, title, member_id, post_id, rev) 
    values
        (?, ?, ?, ?, ?, ?, ?)
2023-02-07 09:03:48.475 DEBUG 70749 --- [restartedMain] org.hibernate.SQL                        : 
    insert 
    into
        posts_aud
        (revtype, contents, is_like, title, member_id, post_id, rev) 
    values
        (?, ?, ?, ?, ?, ?, ?)
2023-02-07 09:03:48.650  INFO 70749 --- [restartedMain] o.s.s.web.DefaultSecurityFilterChain     : Will secure any request with [org.springframework.security.web.session.DisableEncodeUrlFilter@4e996c8b, org.springframework.security.web.context.request.async.WebAsyncManagerIntegrationFilter@30c3c84f, org.springframework.security.web.context.SecurityContextPersistenceFilter@215c1693, org.springframework.security.web.header.HeaderWriterFilter@1bcaaac6, org.springframework.security.web.csrf.CsrfFilter@2024509e, org.springframework.security.web.authentication.logout.LogoutFilter@495c8433, org.springframework.security.web.authentication.www.BasicAuthenticationFilter@1e041c53, org.springframework.security.web.savedrequest.RequestCacheAwareFilter@159c06e6, org.springframework.security.web.servletapi.SecurityContextHolderAwareRequestFilter@5bce1209, org.springframework.security.web.authentication.AnonymousAuthenticationFilter@20e60d0a, org.springframework.security.web.session.SessionManagementFilter@23fe12d2, org.springframework.security.web.access.ExceptionTranslationFilter@18f5903e, org.springframework.security.web.access.intercept.FilterSecurityInterceptor@31c42e2b]
2023-02-07 09:03:48.672  WARN 70749 --- [restartedMain] JpaBaseConfiguration$JpaWebConfiguration : spring.jpa.open-in-view is enabled by default. Therefore, database queries may be performed during view rendering. Explicitly configure spring.jpa.open-in-view to disable this warning
2023-02-07 09:03:48.728  INFO 70749 --- [restartedMain] o.s.b.a.w.s.WelcomePageHandlerMapping    : Adding welcome page template: index
2023-02-07 09:03:48.796  INFO 70749 --- [restartedMain] o.s.b.d.a.OptionalLiveReloadServer       : LiveReload server is running on port 35729
2023-02-07 09:03:48.802  INFO 70749 --- [restartedMain] o.s.b.w.embedded.tomcat.TomcatWebServer  : Tomcat started on port(s): 8080 (http) with context path ''
2023-02-07 09:03:48.807  INFO 70749 --- [restartedMain] z.z.ZaritalkcommunityApplication         : Started ZaritalkcommunityApplication in 1.321 seconds (JVM running for 37.499)
2023-02-07 09:03:48.809  INFO 70749 --- [restartedMain] .ConditionEvaluationDeltaLoggingListener : Condition evaluation unchanged
2023-02-07 09:03:50.220  INFO 70749 --- [File Watcher] rtingClassPathChangeChangedEventListener : Restarting due to 6 class path changes (6 additions, 0 deletions, 0 modifications)
2023-02-07 09:03:50.226  INFO 70749 --- [Thread-7] o.apache.catalina.core.StandardService   : Stopping service [Tomcat]
2023-02-07 09:03:50.235  INFO 70749 --- [Thread-7] j.LocalContainerEntityManagerFactoryBean : Closing JPA EntityManagerFactory for persistence unit 'default'
2023-02-07 09:03:50.236  INFO 70749 --- [Thread-7] com.zaxxer.hikari.HikariDataSource       : HikariPool-2 - Shutdown initiated...
2023-02-07 09:03:50.244  INFO 70749 --- [Thread-7] com.zaxxer.hikari.HikariDataSource       : HikariPool-2 - Shutdown completed.
2023-02-07 09:03:50.322  INFO 70749 --- [restartedMain] z.z.ZaritalkcommunityApplication         : Starting ZaritalkcommunityApplication using Java 11.0.16 on HSui-MacBookPro.local with PID 70749 (/Users/hyeseoneun/study/zaritalkcommunity/build/classes/java/main started by hyeseoneun in /Users/hyeseoneun/study/zaritalkcommunity)
2023-02-07 09:03:50.322  INFO 70749 --- [restartedMain] z.z.ZaritalkcommunityApplication         : No active profile set, falling back to 1 default profile: "default"
2023-02-07 09:03:50.479  INFO 70749 --- [restartedMain] .s.d.r.c.RepositoryConfigurationDelegate : Bootstrapping Spring Data JPA repositories in DEFAULT mode.
2023-02-07 09:03:50.493  INFO 70749 --- [restartedMain] .s.d.r.c.RepositoryConfigurationDelegate : Finished Spring Data repository scanning in 14 ms. Found 3 JPA repository interfaces.
2023-02-07 09:03:50.589  INFO 70749 --- [restartedMain] o.s.b.w.embedded.tomcat.TomcatWebServer  : Tomcat initialized with port(s): 8080 (http)
2023-02-07 09:03:50.590  INFO 70749 --- [restartedMain] o.apache.catalina.core.StandardService   : Starting service [Tomcat]
2023-02-07 09:03:50.591  INFO 70749 --- [restartedMain] org.apache.catalina.core.StandardEngine  : Starting Servlet engine: [Apache Tomcat/9.0.71]
2023-02-07 09:03:50.607  INFO 70749 --- [restartedMain] o.a.c.c.C.[Tomcat].[localhost].[/]       : Initializing Spring embedded WebApplicationContext
2023-02-07 09:03:50.608  INFO 70749 --- [restartedMain] w.s.c.ServletWebServerApplicationContext : Root WebApplicationContext: initialization completed in 284 ms
2023-02-07 09:03:50.617  INFO 70749 --- [restartedMain] com.zaxxer.hikari.HikariDataSource       : HikariPool-3 - Starting...
2023-02-07 09:03:50.620  INFO 70749 --- [restartedMain] com.zaxxer.hikari.HikariDataSource       : HikariPool-3 - Start completed.
2023-02-07 09:03:50.620  INFO 70749 --- [restartedMain] o.s.b.a.h2.H2ConsoleAutoConfiguration    : H2 console available at '/h2-console'. Database available at 'jdbc:h2:tcp://localhost/~/zaricommunity'
2023-02-07 09:03:50.652  INFO 70749 --- [restartedMain] o.hibernate.jpa.internal.util.LogHelper  : HHH000204: Processing PersistenceUnitInfo [name: default]
2023-02-07 09:03:50.664  INFO 70749 --- [restartedMain] org.hibernate.dialect.Dialect            : HHH000400: Using dialect: org.hibernate.dialect.H2Dialect
2023-02-07 09:03:50.669  INFO 70749 --- [restartedMain] o.h.e.boot.internal.EnversServiceImpl    : Envers integration enabled? : true
2023-02-07 09:03:50.785 DEBUG 70749 --- [restartedMain] org.hibernate.SQL                        : 
    
    drop table if exists comments CASCADE 
2023-02-07 09:03:50.786 DEBUG 70749 --- [restartedMain] org.hibernate.SQL                        : 
    
    drop table if exists likes CASCADE 
2023-02-07 09:03:50.786 DEBUG 70749 --- [restartedMain] org.hibernate.SQL                        : 
    
    drop table if exists member CASCADE 
2023-02-07 09:03:50.787 DEBUG 70749 --- [restartedMain] org.hibernate.SQL                        : 
    
    drop table if exists posts CASCADE 
2023-02-07 09:03:50.787 DEBUG 70749 --- [restartedMain] org.hibernate.SQL                        : 
    
    drop table if exists posts_aud CASCADE 
2023-02-07 09:03:50.787 DEBUG 70749 --- [restartedMain] org.hibernate.SQL                        : 
    
    drop table if exists revinfo CASCADE 
2023-02-07 09:03:50.788 DEBUG 70749 --- [restartedMain] org.hibernate.SQL                        : 
    
    drop sequence if exists hibernate_sequence
2023-02-07 09:03:50.788 DEBUG 70749 --- [restartedMain] org.hibernate.SQL                        : create sequence hibernate_sequence start with 1 increment by 1
2023-02-07 09:03:50.789 DEBUG 70749 --- [restartedMain] org.hibernate.SQL                        : 
    
    create table comments (
       comment_id bigint not null,
        detail varchar(255),
        member_id bigint,
        post_id bigint,
        primary key (comment_id)
    )
2023-02-07 09:03:50.789 DEBUG 70749 --- [restartedMain] org.hibernate.SQL                        : 
    
    create table likes (
       like_id bigint generated by default as identity,
        member_id bigint,
        post_id bigint,
        primary key (like_id)
    )
2023-02-07 09:03:50.790 DEBUG 70749 --- [restartedMain] org.hibernate.SQL                        : 
    
    create table member (
       member_id bigint generated by default as identity,
        account_id varchar(255),
        account_type varchar(255),
        nickname varchar(255),
        password varchar(255),
        quit boolean default false not null,
        primary key (member_id)
    )
2023-02-07 09:03:50.791 DEBUG 70749 --- [restartedMain] org.hibernate.SQL                        : 
    
    create table posts (
       post_id bigint generated by default as identity,
        created_at timestamp,
        deleted_at timestamp,
        updated_at timestamp,
        contents varchar(255),
        is_like boolean default false,
        title varchar(255),
        member_id bigint,
        primary key (post_id)
    )
2023-02-07 09:03:50.792 DEBUG 70749 --- [restartedMain] org.hibernate.SQL                        : 
    
    create table posts_aud (
       post_id bigint not null,
        rev integer not null,
        revtype tinyint,
        contents varchar(255),
        is_like boolean,
        title varchar(255),
        member_id bigint,
        primary key (post_id, rev)
    )
2023-02-07 09:03:50.793 DEBUG 70749 --- [restartedMain] org.hibernate.SQL                        : 
    
    create table revinfo (
       rev integer generated by default as identity,
        revtstmp bigint,
        primary key (rev)
    )
2023-02-07 09:03:50.793 DEBUG 70749 --- [restartedMain] org.hibernate.SQL                        : 
    
    alter table comments 
       add constraint FK5my97to6xmqeuycmeelttgj44 
       foreign key (member_id) 
       references member
2023-02-07 09:03:50.794 DEBUG 70749 --- [restartedMain] org.hibernate.SQL                        : 
    
    alter table comments 
       add constraint FKh4c7lvsc298whoyd4w9ta25cr 
       foreign key (post_id) 
       references posts
2023-02-07 09:03:50.795 DEBUG 70749 --- [restartedMain] org.hibernate.SQL                        : 
    
    alter table likes 
       add constraint FKa4vkf1skcfu5r6o5gfb5jf295 
       foreign key (member_id) 
       references member
2023-02-07 09:03:50.796 DEBUG 70749 --- [restartedMain] org.hibernate.SQL                        : 
    
    alter table likes 
       add constraint FKry8tnr4x2vwemv2bb0h5hyl0x 
       foreign key (post_id) 
       references posts
2023-02-07 09:03:50.797 DEBUG 70749 --- [restartedMain] org.hibernate.SQL                        : 
    
    alter table posts 
       add constraint FK3vu9977d08lqidrhcrqts8e1r 
       foreign key (member_id) 
       references member
2023-02-07 09:03:50.799 DEBUG 70749 --- [restartedMain] org.hibernate.SQL                        : 
    
    alter table posts_aud 
       add constraint FKgd2crtj4u69d0y8bba9jwogbi 
       foreign key (rev) 
       references revinfo
2023-02-07 09:03:50.800  INFO 70749 --- [restartedMain] o.h.e.t.j.p.i.JtaPlatformInitiator       : HHH000490: Using JtaPlatform implementation: [org.hibernate.engine.transaction.jta.platform.internal.NoJtaPlatform]
2023-02-07 09:03:50.801  INFO 70749 --- [restartedMain] j.LocalContainerEntityManagerFactoryBean : Initialized JPA EntityManagerFactory for persistence unit 'default'
2023-02-07 09:03:50.836 DEBUG 70749 --- [restartedMain] org.hibernate.SQL                        : 
    insert 
    into
        member
        (member_id, account_id, account_type, nickname, password, quit) 
    values
        (default, ?, ?, ?, ?, ?)
2023-02-07 09:03:50.838 DEBUG 70749 --- [restartedMain] org.hibernate.SQL                        : 
    insert 
    into
        member
        (member_id, account_id, account_type, nickname, password, quit) 
    values
        (default, ?, ?, ?, ?, ?)
2023-02-07 09:03:50.839 DEBUG 70749 --- [restartedMain] org.hibernate.SQL                        : 
    insert 
    into
        member
        (member_id, account_id, account_type, nickname, password, quit) 
    values
        (default, ?, ?, ?, ?, ?)
2023-02-07 09:03:50.862 DEBUG 70749 --- [restartedMain] org.hibernate.SQL                        : 
    insert 
    into
        posts
        (post_id, created_at, deleted_at, updated_at, contents, is_like, member_id, title) 
    values
        (default, ?, ?, ?, ?, ?, ?, ?)
2023-02-07 09:03:50.864 DEBUG 70749 --- [restartedMain] org.hibernate.SQL                        : 
    insert 
    into
        posts
        (post_id, created_at, deleted_at, updated_at, contents, is_like, member_id, title) 
    values
        (default, ?, ?, ?, ?, ?, ?, ?)
2023-02-07 09:03:50.865 DEBUG 70749 --- [restartedMain] org.hibernate.SQL                        : 
    insert 
    into
        posts
        (post_id, created_at, deleted_at, updated_at, contents, is_like, member_id, title) 
    values
        (default, ?, ?, ?, ?, ?, ?, ?)
2023-02-07 09:03:50.866 DEBUG 70749 --- [restartedMain] org.hibernate.SQL                        : 
    insert 
    into
        likes
        (like_id, member_id, post_id) 
    values
        (default, ?, ?)
2023-02-07 09:03:50.867 DEBUG 70749 --- [restartedMain] org.hibernate.SQL                        : 
    insert 
    into
        likes
        (like_id, member_id, post_id) 
    values
        (default, ?, ?)
2023-02-07 09:03:50.869 DEBUG 70749 --- [restartedMain] org.hibernate.SQL                        : 
    insert 
    into
        revinfo
        (rev, revtstmp) 
    values
        (default, ?)
2023-02-07 09:03:50.871 DEBUG 70749 --- [restartedMain] org.hibernate.SQL                        : 
    insert 
    into
        posts_aud
        (revtype, contents, is_like, title, member_id, post_id, rev) 
    values
        (?, ?, ?, ?, ?, ?, ?)
2023-02-07 09:03:50.872 DEBUG 70749 --- [restartedMain] org.hibernate.SQL                        : 
    insert 
    into
        posts_aud
        (revtype, contents, is_like, title, member_id, post_id, rev) 
    values
        (?, ?, ?, ?, ?, ?, ?)
2023-02-07 09:03:50.873 DEBUG 70749 --- [restartedMain] org.hibernate.SQL                        : 
    insert 
    into
        posts_aud
        (revtype, contents, is_like, title, member_id, post_id, rev) 
    values
        (?, ?, ?, ?, ?, ?, ?)
2023-02-07 09:03:51.001  INFO 70749 --- [restartedMain] o.s.s.web.DefaultSecurityFilterChain     : Will secure any request with [org.springframework.security.web.session.DisableEncodeUrlFilter@55a10ada, org.springframework.security.web.context.request.async.WebAsyncManagerIntegrationFilter@7b5cdf6a, org.springframework.security.web.context.SecurityContextPersistenceFilter@3a79d833, org.springframework.security.web.header.HeaderWriterFilter@4dda1206, org.springframework.security.web.csrf.CsrfFilter@31c07d4f, org.springframework.security.web.authentication.logout.LogoutFilter@1a9838ce, org.springframework.security.web.authentication.www.BasicAuthenticationFilter@8f181bb, org.springframework.security.web.savedrequest.RequestCacheAwareFilter@5b93d63d, org.springframework.security.web.servletapi.SecurityContextHolderAwareRequestFilter@4644a56b, org.springframework.security.web.authentication.AnonymousAuthenticationFilter@33dcbdc7, org.springframework.security.web.session.SessionManagementFilter@861f675, org.springframework.security.web.access.ExceptionTranslationFilter@29d91a43, org.springframework.security.web.access.intercept.FilterSecurityInterceptor@71a73de3]
2023-02-07 09:03:51.017  WARN 70749 --- [restartedMain] JpaBaseConfiguration$JpaWebConfiguration : spring.jpa.open-in-view is enabled by default. Therefore, database queries may be performed during view rendering. Explicitly configure spring.jpa.open-in-view to disable this warning
2023-02-07 09:03:51.056  INFO 70749 --- [restartedMain] o.s.b.a.w.s.WelcomePageHandlerMapping    : Adding welcome page template: index
2023-02-07 09:03:51.104  INFO 70749 --- [restartedMain] o.s.b.d.a.OptionalLiveReloadServer       : LiveReload server is running on port 35729
2023-02-07 09:03:51.111  INFO 70749 --- [restartedMain] o.s.b.w.embedded.tomcat.TomcatWebServer  : Tomcat started on port(s): 8080 (http) with context path ''
2023-02-07 09:03:51.114  INFO 70749 --- [restartedMain] z.z.ZaritalkcommunityApplication         : Started ZaritalkcommunityApplication in 0.817 seconds (JVM running for 39.805)
2023-02-07 09:03:51.115  INFO 70749 --- [restartedMain] .ConditionEvaluationDeltaLoggingListener : Condition evaluation unchanged
2023-02-07 09:03:54.539  INFO 70749 --- [File Watcher] rtingClassPathChangeChangedEventListener : Restarting due to 43 class path changes (0 additions, 43 deletions, 0 modifications)
2023-02-07 09:03:54.543  INFO 70749 --- [Thread-11] o.apache.catalina.core.StandardService   : Stopping service [Tomcat]
2023-02-07 09:03:54.552  INFO 70749 --- [Thread-11] j.LocalContainerEntityManagerFactoryBean : Closing JPA EntityManagerFactory for persistence unit 'default'
2023-02-07 09:03:54.553  INFO 70749 --- [Thread-11] com.zaxxer.hikari.HikariDataSource       : HikariPool-3 - Shutdown initiated...
2023-02-07 09:03:54.562  INFO 70749 --- [Thread-11] com.zaxxer.hikari.HikariDataSource       : HikariPool-3 - Shutdown completed.
2023-02-07 09:03:54.647  INFO 70749 --- [restartedMain] z.z.ZaritalkcommunityApplication         : Starting ZaritalkcommunityApplication using Java 11.0.16 on HSui-MacBookPro.local with PID 70749 (/Users/hyeseoneun/study/zaritalkcommunity/build/classes/java/main started by hyeseoneun in /Users/hyeseoneun/study/zaritalkcommunity)
2023-02-07 09:03:54.648  INFO 70749 --- [restartedMain] z.z.ZaritalkcommunityApplication         : No active profile set, falling back to 1 default profile: "default"
2023-02-07 09:03:54.786  INFO 70749 --- [restartedMain] .s.d.r.c.RepositoryConfigurationDelegate : Bootstrapping Spring Data JPA repositories in DEFAULT mode.
2023-02-07 09:03:54.787  INFO 70749 --- [restartedMain] .s.d.r.c.RepositoryConfigurationDelegate : Finished Spring Data repository scanning in 0 ms. Found 0 JPA repository interfaces.
2023-02-07 09:03:54.891  INFO 70749 --- [restartedMain] o.s.b.w.embedded.tomcat.TomcatWebServer  : Tomcat initialized with port(s): 8080 (http)
2023-02-07 09:03:54.892  INFO 70749 --- [restartedMain] o.apache.catalina.core.StandardService   : Starting service [Tomcat]
2023-02-07 09:03:54.893  INFO 70749 --- [restartedMain] org.apache.catalina.core.StandardEngine  : Starting Servlet engine: [Apache Tomcat/9.0.71]
2023-02-07 09:03:54.914  INFO 70749 --- [restartedMain] o.a.c.c.C.[Tomcat].[localhost].[/]       : Initializing Spring embedded WebApplicationContext
2023-02-07 09:03:54.915  INFO 70749 --- [restartedMain] w.s.c.ServletWebServerApplicationContext : Root WebApplicationContext: initialization completed in 265 ms
2023-02-07 09:03:54.925  INFO 70749 --- [restartedMain] com.zaxxer.hikari.HikariDataSource       : HikariPool-4 - Starting...
2023-02-07 09:03:54.929  INFO 70749 --- [restartedMain] com.zaxxer.hikari.HikariDataSource       : HikariPool-4 - Start completed.
2023-02-07 09:03:54.930  INFO 70749 --- [restartedMain] o.s.b.a.h2.H2ConsoleAutoConfiguration    : H2 console available at '/h2-console'. Database available at 'jdbc:h2:tcp://localhost/~/zaricommunity'
2023-02-07 09:03:54.954  INFO 70749 --- [restartedMain] o.hibernate.jpa.internal.util.LogHelper  : HHH000204: Processing PersistenceUnitInfo [name: default]
2023-02-07 09:03:54.964  INFO 70749 --- [restartedMain] org.hibernate.dialect.Dialect            : HHH000400: Using dialect: org.hibernate.dialect.H2Dialect
2023-02-07 09:03:54.968  INFO 70749 --- [restartedMain] o.h.e.boot.internal.EnversServiceImpl    : Envers integration enabled? : true
2023-02-07 09:03:54.978  INFO 70749 --- [restartedMain] o.h.e.t.j.p.i.JtaPlatformInitiator       : HHH000490: Using JtaPlatform implementation: [org.hibernate.engine.transaction.jta.platform.internal.NoJtaPlatform]
2023-02-07 09:03:54.979  INFO 70749 --- [restartedMain] j.LocalContainerEntityManagerFactoryBean : Initialized JPA EntityManagerFactory for persistence unit 'default'
2023-02-07 09:03:55.007  WARN 70749 --- [restartedMain] JpaBaseConfiguration$JpaWebConfiguration : spring.jpa.open-in-view is enabled by default. Therefore, database queries may be performed during view rendering. Explicitly configure spring.jpa.open-in-view to disable this warning
2023-02-07 09:03:55.044  INFO 70749 --- [restartedMain] o.s.b.a.w.s.WelcomePageHandlerMapping    : Adding welcome page template: index
2023-02-07 09:03:55.096  INFO 70749 --- [restartedMain] o.s.s.web.DefaultSecurityFilterChain     : Will secure any request with [org.springframework.security.web.session.DisableEncodeUrlFilter@2d0220b6, org.springframework.security.web.context.request.async.WebAsyncManagerIntegrationFilter@5db39a8e, org.springframework.security.web.context.SecurityContextPersistenceFilter@7db16f5, org.springframework.security.web.header.HeaderWriterFilter@37de9da8, org.springframework.security.web.csrf.CsrfFilter@23d78bd9, org.springframework.security.web.authentication.logout.LogoutFilter@1a2602bd, org.springframework.security.web.authentication.UsernamePasswordAuthenticationFilter@3a03453, org.springframework.security.web.authentication.ui.DefaultLoginPageGeneratingFilter@328ea5d3, org.springframework.security.web.authentication.ui.DefaultLogoutPageGeneratingFilter@5fb33fc7, org.springframework.security.web.authentication.www.BasicAuthenticationFilter@39ece705, org.springframework.security.web.savedrequest.RequestCacheAwareFilter@7be0a51, org.springframework.security.web.servletapi.SecurityContextHolderAwareRequestFilter@444ee4d3, org.springframework.security.web.authentication.AnonymousAuthenticationFilter@1392ffb, org.springframework.security.web.session.SessionManagementFilter@184ddf66, org.springframework.security.web.access.ExceptionTranslationFilter@622c4926, org.springframework.security.web.access.intercept.FilterSecurityInterceptor@42b64ee6]
2023-02-07 09:03:55.103  INFO 70749 --- [restartedMain] o.s.b.d.a.OptionalLiveReloadServer       : LiveReload server is running on port 35729
2023-02-07 09:03:55.109  INFO 70749 --- [restartedMain] o.s.b.w.embedded.tomcat.TomcatWebServer  : Tomcat started on port(s): 8080 (http) with context path ''
2023-02-07 09:03:55.113  INFO 70749 --- [restartedMain] z.z.ZaritalkcommunityApplication         : Started ZaritalkcommunityApplication in 0.497 seconds (JVM running for 43.804)
2023-02-07 09:03:55.118  INFO 70749 --- [restartedMain] .ConditionEvaluationDeltaLoggingListener : Condition evaluation delta:


==========================
CONDITION EVALUATION DELTA
==========================


Positive matches:
-----------------

   SpringBootWebSecurityConfiguration.SecurityFilterChainConfiguration matched:
      - AllNestedConditions 2 matched 0 did not; NestedCondition on DefaultWebSecurityCondition.Beans @ConditionalOnMissingBean (types: org.springframework.security.config.annotation.web.configuration.WebSecurityConfigurerAdapter,org.springframework.security.web.SecurityFilterChain; SearchStrategy: all) did not find any beans; NestedCondition on DefaultWebSecurityCondition.Classes @ConditionalOnClass found required classes 'org.springframework.security.web.SecurityFilterChain', 'org.springframework.security.config.annotation.web.builders.HttpSecurity' (DefaultWebSecurityCondition)

   SpringBootWebSecurityConfiguration.WebSecurityEnablerConfiguration matched:
      - @ConditionalOnClass found required class 'org.springframework.security.config.annotation.web.configuration.EnableWebSecurity' (OnClassCondition)
      - @ConditionalOnMissingBean (names: springSecurityFilterChain; SearchStrategy: all) did not find any beans (OnBeanCondition)

   UserDetailsServiceAutoConfiguration matched:
      - @ConditionalOnClass found required class 'org.springframework.security.authentication.AuthenticationManager' (OnClassCondition)
      - @ConditionalOnBean (types: org.springframework.security.config.annotation.ObjectPostProcessor; SearchStrategy: all) found bean 'objectPostProcessor'; @ConditionalOnMissingBean (types: org.springframework.security.authentication.AuthenticationManager,org.springframework.security.authentication.AuthenticationProvider,org.springframework.security.core.userdetails.UserDetailsService,org.springframework.security.authentication.AuthenticationManagerResolver,org.springframework.security.oauth2.jwt.JwtDecoder,org.springframework.security.oauth2.server.resource.introspection.OpaqueTokenIntrospector,org.springframework.security.oauth2.client.registration.ClientRegistrationRepository,org.springframework.security.saml2.provider.service.registration.RelyingPartyRegistrationRepository; SearchStrategy: all) did not find any beans (OnBeanCondition)


Negative matches:
-----------------

    None


Exclusions:
-----------

    None


Unconditional classes:
----------------------

    None



2023-02-07 09:03:56.926  INFO 70749 --- [File Watcher] rtingClassPathChangeChangedEventListener : Restarting due to 43 class path changes (43 additions, 0 deletions, 0 modifications)
2023-02-07 09:03:56.930  INFO 70749 --- [Thread-15] o.apache.catalina.core.StandardService   : Stopping service [Tomcat]
2023-02-07 09:03:56.939  INFO 70749 --- [Thread-15] j.LocalContainerEntityManagerFactoryBean : Closing JPA EntityManagerFactory for persistence unit 'default'
2023-02-07 09:03:56.940  INFO 70749 --- [Thread-15] com.zaxxer.hikari.HikariDataSource       : HikariPool-4 - Shutdown initiated...
2023-02-07 09:03:56.949  INFO 70749 --- [Thread-15] com.zaxxer.hikari.HikariDataSource       : HikariPool-4 - Shutdown completed.
2023-02-07 09:03:57.032  INFO 70749 --- [restartedMain] z.z.ZaritalkcommunityApplication         : Starting ZaritalkcommunityApplication using Java 11.0.16 on HSui-MacBookPro.local with PID 70749 (/Users/hyeseoneun/study/zaritalkcommunity/build/classes/java/main started by hyeseoneun in /Users/hyeseoneun/study/zaritalkcommunity)
2023-02-07 09:03:57.032  INFO 70749 --- [restartedMain] z.z.ZaritalkcommunityApplication         : No active profile set, falling back to 1 default profile: "default"
2023-02-07 09:03:57.183  INFO 70749 --- [restartedMain] .s.d.r.c.RepositoryConfigurationDelegate : Bootstrapping Spring Data JPA repositories in DEFAULT mode.
2023-02-07 09:03:57.198  INFO 70749 --- [restartedMain] .s.d.r.c.RepositoryConfigurationDelegate : Finished Spring Data repository scanning in 14 ms. Found 3 JPA repository interfaces.
2023-02-07 09:03:57.286  INFO 70749 --- [restartedMain] o.s.b.w.embedded.tomcat.TomcatWebServer  : Tomcat initialized with port(s): 8080 (http)
2023-02-07 09:03:57.287  INFO 70749 --- [restartedMain] o.apache.catalina.core.StandardService   : Starting service [Tomcat]
2023-02-07 09:03:57.287  INFO 70749 --- [restartedMain] org.apache.catalina.core.StandardEngine  : Starting Servlet engine: [Apache Tomcat/9.0.71]
2023-02-07 09:03:57.301  INFO 70749 --- [restartedMain] o.a.c.c.C.[Tomcat].[localhost].[/]       : Initializing Spring embedded WebApplicationContext
2023-02-07 09:03:57.301  INFO 70749 --- [restartedMain] w.s.c.ServletWebServerApplicationContext : Root WebApplicationContext: initialization completed in 267 ms
2023-02-07 09:03:57.312  INFO 70749 --- [restartedMain] com.zaxxer.hikari.HikariDataSource       : HikariPool-5 - Starting...
2023-02-07 09:03:57.315  INFO 70749 --- [restartedMain] com.zaxxer.hikari.HikariDataSource       : HikariPool-5 - Start completed.
2023-02-07 09:03:57.315  INFO 70749 --- [restartedMain] o.s.b.a.h2.H2ConsoleAutoConfiguration    : H2 console available at '/h2-console'. Database available at 'jdbc:h2:tcp://localhost/~/zaricommunity'
2023-02-07 09:03:57.342  INFO 70749 --- [restartedMain] o.hibernate.jpa.internal.util.LogHelper  : HHH000204: Processing PersistenceUnitInfo [name: default]
2023-02-07 09:03:57.350  INFO 70749 --- [restartedMain] org.hibernate.dialect.Dialect            : HHH000400: Using dialect: org.hibernate.dialect.H2Dialect
2023-02-07 09:03:57.353  INFO 70749 --- [restartedMain] o.h.e.boot.internal.EnversServiceImpl    : Envers integration enabled? : true
2023-02-07 09:03:57.456 DEBUG 70749 --- [restartedMain] org.hibernate.SQL                        : 
    
    drop table if exists comments CASCADE 
2023-02-07 09:03:57.456 DEBUG 70749 --- [restartedMain] org.hibernate.SQL                        : 
    
    drop table if exists likes CASCADE 
2023-02-07 09:03:57.457 DEBUG 70749 --- [restartedMain] org.hibernate.SQL                        : 
    
    drop table if exists member CASCADE 
2023-02-07 09:03:57.458 DEBUG 70749 --- [restartedMain] org.hibernate.SQL                        : 
    
    drop table if exists posts CASCADE 
2023-02-07 09:03:57.458 DEBUG 70749 --- [restartedMain] org.hibernate.SQL                        : 
    
    drop table if exists posts_aud CASCADE 
2023-02-07 09:03:57.459 DEBUG 70749 --- [restartedMain] org.hibernate.SQL                        : 
    
    drop table if exists revinfo CASCADE 
2023-02-07 09:03:57.460 DEBUG 70749 --- [restartedMain] org.hibernate.SQL                        : 
    
    drop sequence if exists hibernate_sequence
2023-02-07 09:03:57.460 DEBUG 70749 --- [restartedMain] org.hibernate.SQL                        : create sequence hibernate_sequence start with 1 increment by 1
2023-02-07 09:03:57.461 DEBUG 70749 --- [restartedMain] org.hibernate.SQL                        : 
    
    create table comments (
       comment_id bigint not null,
        detail varchar(255),
        member_id bigint,
        post_id bigint,
        primary key (comment_id)
    )
2023-02-07 09:03:57.461 DEBUG 70749 --- [restartedMain] org.hibernate.SQL                        : 
    
    create table likes (
       like_id bigint generated by default as identity,
        member_id bigint,
        post_id bigint,
        primary key (like_id)
    )
2023-02-07 09:03:57.463 DEBUG 70749 --- [restartedMain] org.hibernate.SQL                        : 
    
    create table member (
       member_id bigint generated by default as identity,
        account_id varchar(255),
        account_type varchar(255),
        nickname varchar(255),
        password varchar(255),
        quit boolean default false not null,
        primary key (member_id)
    )
2023-02-07 09:03:57.463 DEBUG 70749 --- [restartedMain] org.hibernate.SQL                        : 
    
    create table posts (
       post_id bigint generated by default as identity,
        created_at timestamp,
        deleted_at timestamp,
        updated_at timestamp,
        contents varchar(255),
        is_like boolean default false,
        title varchar(255),
        member_id bigint,
        primary key (post_id)
    )
2023-02-07 09:03:57.464 DEBUG 70749 --- [restartedMain] org.hibernate.SQL                        : 
    
    create table posts_aud (
       post_id bigint not null,
        rev integer not null,
        revtype tinyint,
        contents varchar(255),
        is_like boolean,
        title varchar(255),
        member_id bigint,
        primary key (post_id, rev)
    )
2023-02-07 09:03:57.465 DEBUG 70749 --- [restartedMain] org.hibernate.SQL                        : 
    
    create table revinfo (
       rev integer generated by default as identity,
        revtstmp bigint,
        primary key (rev)
    )
2023-02-07 09:03:57.466 DEBUG 70749 --- [restartedMain] org.hibernate.SQL                        : 
    
    alter table comments 
       add constraint FK5my97to6xmqeuycmeelttgj44 
       foreign key (member_id) 
       references member
2023-02-07 09:03:57.467 DEBUG 70749 --- [restartedMain] org.hibernate.SQL                        : 
    
    alter table comments 
       add constraint FKh4c7lvsc298whoyd4w9ta25cr 
       foreign key (post_id) 
       references posts
2023-02-07 09:03:57.469 DEBUG 70749 --- [restartedMain] org.hibernate.SQL                        : 
    
    alter table likes 
       add constraint FKa4vkf1skcfu5r6o5gfb5jf295 
       foreign key (member_id) 
       references member
2023-02-07 09:03:57.470 DEBUG 70749 --- [restartedMain] org.hibernate.SQL                        : 
    
    alter table likes 
       add constraint FKry8tnr4x2vwemv2bb0h5hyl0x 
       foreign key (post_id) 
       references posts
2023-02-07 09:03:57.471 DEBUG 70749 --- [restartedMain] org.hibernate.SQL                        : 
    
    alter table posts 
       add constraint FK3vu9977d08lqidrhcrqts8e1r 
       foreign key (member_id) 
       references member
2023-02-07 09:03:57.472 DEBUG 70749 --- [restartedMain] org.hibernate.SQL                        : 
    
    alter table posts_aud 
       add constraint FKgd2crtj4u69d0y8bba9jwogbi 
       foreign key (rev) 
       references revinfo
2023-02-07 09:03:57.473  INFO 70749 --- [restartedMain] o.h.e.t.j.p.i.JtaPlatformInitiator       : HHH000490: Using JtaPlatform implementation: [org.hibernate.engine.transaction.jta.platform.internal.NoJtaPlatform]
2023-02-07 09:03:57.473  INFO 70749 --- [restartedMain] j.LocalContainerEntityManagerFactoryBean : Initialized JPA EntityManagerFactory for persistence unit 'default'
2023-02-07 09:03:57.509 DEBUG 70749 --- [restartedMain] org.hibernate.SQL                        : 
    insert 
    into
        member
        (member_id, account_id, account_type, nickname, password, quit) 
    values
        (default, ?, ?, ?, ?, ?)
2023-02-07 09:03:57.511 DEBUG 70749 --- [restartedMain] org.hibernate.SQL                        : 
    insert 
    into
        member
        (member_id, account_id, account_type, nickname, password, quit) 
    values
        (default, ?, ?, ?, ?, ?)
2023-02-07 09:03:57.512 DEBUG 70749 --- [restartedMain] org.hibernate.SQL                        : 
    insert 
    into
        member
        (member_id, account_id, account_type, nickname, password, quit) 
    values
        (default, ?, ?, ?, ?, ?)
2023-02-07 09:03:57.531 DEBUG 70749 --- [restartedMain] org.hibernate.SQL                        : 
    insert 
    into
        posts
        (post_id, created_at, deleted_at, updated_at, contents, is_like, member_id, title) 
    values
        (default, ?, ?, ?, ?, ?, ?, ?)
2023-02-07 09:03:57.532 DEBUG 70749 --- [restartedMain] org.hibernate.SQL                        : 
    insert 
    into
        posts
        (post_id, created_at, deleted_at, updated_at, contents, is_like, member_id, title) 
    values
        (default, ?, ?, ?, ?, ?, ?, ?)
2023-02-07 09:03:57.533 DEBUG 70749 --- [restartedMain] org.hibernate.SQL                        : 
    insert 
    into
        posts
        (post_id, created_at, deleted_at, updated_at, contents, is_like, member_id, title) 
    values
        (default, ?, ?, ?, ?, ?, ?, ?)
2023-02-07 09:03:57.534 DEBUG 70749 --- [restartedMain] org.hibernate.SQL                        : 
    insert 
    into
        likes
        (like_id, member_id, post_id) 
    values
        (default, ?, ?)
2023-02-07 09:03:57.535 DEBUG 70749 --- [restartedMain] org.hibernate.SQL                        : 
    insert 
    into
        likes
        (like_id, member_id, post_id) 
    values
        (default, ?, ?)
2023-02-07 09:03:57.536 DEBUG 70749 --- [restartedMain] org.hibernate.SQL                        : 
    insert 
    into
        revinfo
        (rev, revtstmp) 
    values
        (default, ?)
2023-02-07 09:03:57.538 DEBUG 70749 --- [restartedMain] org.hibernate.SQL                        : 
    insert 
    into
        posts_aud
        (revtype, contents, is_like, title, member_id, post_id, rev) 
    values
        (?, ?, ?, ?, ?, ?, ?)
2023-02-07 09:03:57.539 DEBUG 70749 --- [restartedMain] org.hibernate.SQL                        : 
    insert 
    into
        posts_aud
        (revtype, contents, is_like, title, member_id, post_id, rev) 
    values
        (?, ?, ?, ?, ?, ?, ?)
2023-02-07 09:03:57.540 DEBUG 70749 --- [restartedMain] org.hibernate.SQL                        : 
    insert 
    into
        posts_aud
        (revtype, contents, is_like, title, member_id, post_id, rev) 
    values
        (?, ?, ?, ?, ?, ?, ?)
2023-02-07 09:03:57.670  INFO 70749 --- [restartedMain] o.s.s.web.DefaultSecurityFilterChain     : Will secure any request with [org.springframework.security.web.session.DisableEncodeUrlFilter@7bf23cc9, org.springframework.security.web.context.request.async.WebAsyncManagerIntegrationFilter@31defca9, org.springframework.security.web.context.SecurityContextPersistenceFilter@5944adc4, org.springframework.security.web.header.HeaderWriterFilter@26eec3e7, org.springframework.security.web.csrf.CsrfFilter@696ecef4, org.springframework.security.web.authentication.logout.LogoutFilter@7e73e74, org.springframework.security.web.authentication.www.BasicAuthenticationFilter@5b61b246, org.springframework.security.web.savedrequest.RequestCacheAwareFilter@7b16a237, org.springframework.security.web.servletapi.SecurityContextHolderAwareRequestFilter@2bb7a749, org.springframework.security.web.authentication.AnonymousAuthenticationFilter@1e4fdfcd, org.springframework.security.web.session.SessionManagementFilter@46c2c286, org.springframework.security.web.access.ExceptionTranslationFilter@a150caf, org.springframework.security.web.access.intercept.FilterSecurityInterceptor@2ee02bd4]
2023-02-07 09:03:57.688  WARN 70749 --- [restartedMain] JpaBaseConfiguration$JpaWebConfiguration : spring.jpa.open-in-view is enabled by default. Therefore, database queries may be performed during view rendering. Explicitly configure spring.jpa.open-in-view to disable this warning
2023-02-07 09:03:57.733  INFO 70749 --- [restartedMain] o.s.b.a.w.s.WelcomePageHandlerMapping    : Adding welcome page template: index
2023-02-07 09:03:57.799  INFO 70749 --- [restartedMain] o.s.b.d.a.OptionalLiveReloadServer       : LiveReload server is running on port 35729
2023-02-07 09:03:57.807  INFO 70749 --- [restartedMain] o.s.b.w.embedded.tomcat.TomcatWebServer  : Tomcat started on port(s): 8080 (http) with context path ''
2023-02-07 09:03:57.811  INFO 70749 --- [restartedMain] z.z.ZaritalkcommunityApplication         : Started ZaritalkcommunityApplication in 0.803 seconds (JVM running for 46.502)
2023-02-07 09:03:57.813  INFO 70749 --- [restartedMain] .ConditionEvaluationDeltaLoggingListener : Condition evaluation delta:


==========================
CONDITION EVALUATION DELTA
==========================


Positive matches:
-----------------

    None


Negative matches:
-----------------

   SpringBootWebSecurityConfiguration.SecurityFilterChainConfiguration:
      Did not match:
         - AllNestedConditions 1 matched 1 did not; NestedCondition on DefaultWebSecurityCondition.Beans @ConditionalOnMissingBean (types: org.springframework.security.config.annotation.web.configuration.WebSecurityConfigurerAdapter,org.springframework.security.web.SecurityFilterChain; SearchStrategy: all) found beans of type 'org.springframework.security.web.SecurityFilterChain' filterChain; NestedCondition on DefaultWebSecurityCondition.Classes @ConditionalOnClass found required classes 'org.springframework.security.web.SecurityFilterChain', 'org.springframework.security.config.annotation.web.builders.HttpSecurity' (DefaultWebSecurityCondition)

   SpringBootWebSecurityConfiguration.WebSecurityEnablerConfiguration:
      Did not match:
         - @ConditionalOnMissingBean (names: springSecurityFilterChain; SearchStrategy: all) found beans named springSecurityFilterChain (OnBeanCondition)
      Matched:
         - @ConditionalOnClass found required class 'org.springframework.security.config.annotation.web.configuration.EnableWebSecurity' (OnClassCondition)

   UserDetailsServiceAutoConfiguration:
      Did not match:
         - @ConditionalOnMissingBean (types: org.springframework.security.authentication.AuthenticationManager,org.springframework.security.authentication.AuthenticationProvider,org.springframework.security.core.userdetails.UserDetailsService,org.springframework.security.authentication.AuthenticationManagerResolver,org.springframework.security.oauth2.jwt.JwtDecoder,org.springframework.security.oauth2.server.resource.introspection.OpaqueTokenIntrospector,org.springframework.security.oauth2.client.registration.ClientRegistrationRepository,org.springframework.security.saml2.provider.service.registration.RelyingPartyRegistrationRepository; SearchStrategy: all) found beans of type 'org.springframework.security.core.userdetails.UserDetailsService' memberService (OnBeanCondition)
      Matched:
         - @ConditionalOnClass found required class 'org.springframework.security.authentication.AuthenticationManager' (OnClassCondition)


Exclusions:
-----------

    None


Unconditional classes:
----------------------

    None



2023-02-07 09:04:21.810  INFO 70749 --- [http-nio-8080-exec-1] o.a.c.c.C.[Tomcat].[localhost].[/]       : Initializing Spring DispatcherServlet 'dispatcherServlet'
2023-02-07 09:04:21.810  INFO 70749 --- [http-nio-8080-exec-1] o.s.web.servlet.DispatcherServlet        : Initializing Servlet 'dispatcherServlet'
2023-02-07 09:04:21.811  INFO 70749 --- [http-nio-8080-exec-1] o.s.web.servlet.DispatcherServlet        : Completed initialization in 1 ms
2023-02-07 09:05:15.681 DEBUG 70749 --- [http-nio-8080-exec-4] org.hibernate.SQL                        : 
    select
        postentity0_.post_id as col_0_0_,
        postentity0_.title as col_1_0_,
        (select
            count(likeentity2_.like_id) 
        from
            likes likeentity2_) as col_2_0_,
        memberenti1_.member_id as col_3_0_,
        memberenti1_.nickname as col_4_0_,
        memberenti1_.account_type as col_5_0_,
        postentity0_.is_like as col_6_0_ 
    from
        posts postentity0_ 
    left outer join
        member memberenti1_ 
            on postentity0_.member_id=memberenti1_.member_id 
    order by
        postentity0_.updated_at desc limit ?
2023-02-07 09:05:15.689 DEBUG 70749 --- [http-nio-8080-exec-4] org.hibernate.SQL                        : 
    select
        count(postentity0_.post_id) as col_0_0_ 
    from
        posts postentity0_
2023-02-07 09:05:15.723 DEBUG 70749 --- [http-nio-8080-exec-4] org.hibernate.SQL                        : 
    select
        memberenti0_.member_id as member_i1_2_,
        memberenti0_.account_id as account_2_2_,
        memberenti0_.account_type as account_3_2_,
        memberenti0_.nickname as nickname4_2_,
        memberenti0_.password as password5_2_,
        memberenti0_.quit as quit6_2_ 
    from
        member memberenti0_ 
    where
        memberenti0_.account_id=?
2023-02-07 09:05:15.740 DEBUG 70749 --- [http-nio-8080-exec-4] org.hibernate.SQL                        : 
    select
        likeentity0_.post_id as col_0_0_ 
    from
        likes likeentity0_ 
    where
        likeentity0_.member_id=?
2023-02-07 09:10:12.048  INFO 70749 --- [File Watcher] rtingClassPathChangeChangedEventListener : Restarting due to 1 class path change (0 additions, 1 deletion, 0 modifications)
2023-02-07 09:10:12.052  INFO 70749 --- [Thread-19] o.apache.catalina.core.StandardService   : Stopping service [Tomcat]
2023-02-07 09:10:12.054  INFO 70749 --- [Thread-19] o.a.c.c.C.[Tomcat].[localhost].[/]       : Destroying Spring FrameworkServlet 'dispatcherServlet'
2023-02-07 09:10:12.065  INFO 70749 --- [Thread-19] j.LocalContainerEntityManagerFactoryBean : Closing JPA EntityManagerFactory for persistence unit 'default'
2023-02-07 09:10:12.065  INFO 70749 --- [Thread-19] com.zaxxer.hikari.HikariDataSource       : HikariPool-5 - Shutdown initiated...
2023-02-07 09:10:12.070  INFO 70749 --- [Thread-19] com.zaxxer.hikari.HikariDataSource       : HikariPool-5 - Shutdown completed.
2023-02-07 09:10:12.371  INFO 70749 --- [restartedMain] z.z.ZaritalkcommunityApplication         : Starting ZaritalkcommunityApplication using Java 11.0.16 on HSui-MacBookPro.local with PID 70749 (/Users/hyeseoneun/study/zaritalkcommunity/build/classes/java/main started by hyeseoneun in /Users/hyeseoneun/study/zaritalkcommunity)
2023-02-07 09:10:12.371  INFO 70749 --- [restartedMain] z.z.ZaritalkcommunityApplication         : No active profile set, falling back to 1 default profile: "default"
2023-02-07 09:10:12.619  INFO 70749 --- [restartedMain] .s.d.r.c.RepositoryConfigurationDelegate : Bootstrapping Spring Data JPA repositories in DEFAULT mode.
2023-02-07 09:10:12.637  INFO 70749 --- [restartedMain] .s.d.r.c.RepositoryConfigurationDelegate : Finished Spring Data repository scanning in 17 ms. Found 3 JPA repository interfaces.
2023-02-07 09:10:12.750  INFO 70749 --- [restartedMain] o.s.b.w.embedded.tomcat.TomcatWebServer  : Tomcat initialized with port(s): 8080 (http)
2023-02-07 09:10:12.750  INFO 70749 --- [restartedMain] o.apache.catalina.core.StandardService   : Starting service [Tomcat]
2023-02-07 09:10:12.750  INFO 70749 --- [restartedMain] org.apache.catalina.core.StandardEngine  : Starting Servlet engine: [Apache Tomcat/9.0.71]
2023-02-07 09:10:12.765  INFO 70749 --- [restartedMain] o.a.c.c.C.[Tomcat].[localhost].[/]       : Initializing Spring embedded WebApplicationContext
2023-02-07 09:10:12.765  INFO 70749 --- [restartedMain] w.s.c.ServletWebServerApplicationContext : Root WebApplicationContext: initialization completed in 391 ms
2023-02-07 09:10:12.776  INFO 70749 --- [restartedMain] com.zaxxer.hikari.HikariDataSource       : HikariPool-6 - Starting...
2023-02-07 09:10:12.780  INFO 70749 --- [restartedMain] com.zaxxer.hikari.HikariDataSource       : HikariPool-6 - Start completed.
2023-02-07 09:10:12.781  INFO 70749 --- [restartedMain] o.s.b.a.h2.H2ConsoleAutoConfiguration    : H2 console available at '/h2-console'. Database available at 'jdbc:h2:tcp://localhost/~/zaricommunity'
2023-02-07 09:10:12.823  INFO 70749 --- [restartedMain] o.hibernate.jpa.internal.util.LogHelper  : HHH000204: Processing PersistenceUnitInfo [name: default]
2023-02-07 09:10:12.839  INFO 70749 --- [restartedMain] org.hibernate.dialect.Dialect            : HHH000400: Using dialect: org.hibernate.dialect.H2Dialect
2023-02-07 09:10:12.843  INFO 70749 --- [restartedMain] o.h.e.boot.internal.EnversServiceImpl    : Envers integration enabled? : true
2023-02-07 09:10:12.965 DEBUG 70749 --- [restartedMain] org.hibernate.SQL                        : 
    
    drop table if exists comments CASCADE 
2023-02-07 09:10:12.966 DEBUG 70749 --- [restartedMain] org.hibernate.SQL                        : 
    
    drop table if exists likes CASCADE 
2023-02-07 09:10:12.967 DEBUG 70749 --- [restartedMain] org.hibernate.SQL                        : 
    
    drop table if exists member CASCADE 
2023-02-07 09:10:12.967 DEBUG 70749 --- [restartedMain] org.hibernate.SQL                        : 
    
    drop table if exists posts CASCADE 
2023-02-07 09:10:12.968 DEBUG 70749 --- [restartedMain] org.hibernate.SQL                        : 
    
    drop table if exists posts_aud CASCADE 
2023-02-07 09:10:12.968 DEBUG 70749 --- [restartedMain] org.hibernate.SQL                        : 
    
    drop table if exists revinfo CASCADE 
2023-02-07 09:10:12.969 DEBUG 70749 --- [restartedMain] org.hibernate.SQL                        : 
    
    drop sequence if exists hibernate_sequence
2023-02-07 09:10:12.970 DEBUG 70749 --- [restartedMain] org.hibernate.SQL                        : create sequence hibernate_sequence start with 1 increment by 1
2023-02-07 09:10:12.970 DEBUG 70749 --- [restartedMain] org.hibernate.SQL                        : 
    
    create table comments (
       comment_id bigint not null,
        detail varchar(255),
        member_id bigint,
        post_id bigint,
        primary key (comment_id)
    )
2023-02-07 09:10:12.971 DEBUG 70749 --- [restartedMain] org.hibernate.SQL                        : 
    
    create table likes (
       like_id bigint generated by default as identity,
        member_id bigint,
        post_id bigint,
        primary key (like_id)
    )
2023-02-07 09:10:12.972 DEBUG 70749 --- [restartedMain] org.hibernate.SQL                        : 
    
    create table member (
       member_id bigint generated by default as identity,
        account_id varchar(255),
        account_type varchar(255),
        nickname varchar(255),
        password varchar(255),
        quit boolean default false not null,
        primary key (member_id)
    )
2023-02-07 09:10:12.973 DEBUG 70749 --- [restartedMain] org.hibernate.SQL                        : 
    
    create table posts (
       post_id bigint generated by default as identity,
        created_at timestamp,
        deleted_at timestamp,
        updated_at timestamp,
        contents varchar(255),
        is_like boolean default false,
        title varchar(255),
        member_id bigint,
        primary key (post_id)
    )
2023-02-07 09:10:12.974 DEBUG 70749 --- [restartedMain] org.hibernate.SQL                        : 
    
    create table posts_aud (
       post_id bigint not null,
        rev integer not null,
        revtype tinyint,
        contents varchar(255),
        is_like boolean,
        title varchar(255),
        member_id bigint,
        primary key (post_id, rev)
    )
2023-02-07 09:10:12.975 DEBUG 70749 --- [restartedMain] org.hibernate.SQL                        : 
    
    create table revinfo (
       rev integer generated by default as identity,
        revtstmp bigint,
        primary key (rev)
    )
2023-02-07 09:10:12.976 DEBUG 70749 --- [restartedMain] org.hibernate.SQL                        : 
    
    alter table comments 
       add constraint FK5my97to6xmqeuycmeelttgj44 
       foreign key (member_id) 
       references member
2023-02-07 09:10:12.977 DEBUG 70749 --- [restartedMain] org.hibernate.SQL                        : 
    
    alter table comments 
       add constraint FKh4c7lvsc298whoyd4w9ta25cr 
       foreign key (post_id) 
       references posts
2023-02-07 09:10:12.978 DEBUG 70749 --- [restartedMain] org.hibernate.SQL                        : 
    
    alter table likes 
       add constraint FKa4vkf1skcfu5r6o5gfb5jf295 
       foreign key (member_id) 
       references member
2023-02-07 09:10:12.979 DEBUG 70749 --- [restartedMain] org.hibernate.SQL                        : 
    
    alter table likes 
       add constraint FKry8tnr4x2vwemv2bb0h5hyl0x 
       foreign key (post_id) 
       references posts
2023-02-07 09:10:12.981 DEBUG 70749 --- [restartedMain] org.hibernate.SQL                        : 
    
    alter table posts 
       add constraint FK3vu9977d08lqidrhcrqts8e1r 
       foreign key (member_id) 
       references member
2023-02-07 09:10:12.982 DEBUG 70749 --- [restartedMain] org.hibernate.SQL                        : 
    
    alter table posts_aud 
       add constraint FKgd2crtj4u69d0y8bba9jwogbi 
       foreign key (rev) 
       references revinfo
2023-02-07 09:10:12.983  INFO 70749 --- [restartedMain] o.h.e.t.j.p.i.JtaPlatformInitiator       : HHH000490: Using JtaPlatform implementation: [org.hibernate.engine.transaction.jta.platform.internal.NoJtaPlatform]
2023-02-07 09:10:12.983  INFO 70749 --- [restartedMain] j.LocalContainerEntityManagerFactoryBean : Initialized JPA EntityManagerFactory for persistence unit 'default'
2023-02-07 09:10:13.027 DEBUG 70749 --- [restartedMain] org.hibernate.SQL                        : 
    insert 
    into
        member
        (member_id, account_id, account_type, nickname, password, quit) 
    values
        (default, ?, ?, ?, ?, ?)
2023-02-07 09:10:13.028 DEBUG 70749 --- [restartedMain] org.hibernate.SQL                        : 
    insert 
    into
        member
        (member_id, account_id, account_type, nickname, password, quit) 
    values
        (default, ?, ?, ?, ?, ?)
2023-02-07 09:10:13.029 DEBUG 70749 --- [restartedMain] org.hibernate.SQL                        : 
    insert 
    into
        member
        (member_id, account_id, account_type, nickname, password, quit) 
    values
        (default, ?, ?, ?, ?, ?)
2023-02-07 09:10:13.050 DEBUG 70749 --- [restartedMain] org.hibernate.SQL                        : 
    insert 
    into
        posts
        (post_id, created_at, deleted_at, updated_at, contents, is_like, member_id, title) 
    values
        (default, ?, ?, ?, ?, ?, ?, ?)
2023-02-07 09:10:13.052 DEBUG 70749 --- [restartedMain] org.hibernate.SQL                        : 
    insert 
    into
        posts
        (post_id, created_at, deleted_at, updated_at, contents, is_like, member_id, title) 
    values
        (default, ?, ?, ?, ?, ?, ?, ?)
2023-02-07 09:10:13.054 DEBUG 70749 --- [restartedMain] org.hibernate.SQL                        : 
    insert 
    into
        posts
        (post_id, created_at, deleted_at, updated_at, contents, is_like, member_id, title) 
    values
        (default, ?, ?, ?, ?, ?, ?, ?)
2023-02-07 09:10:13.055 DEBUG 70749 --- [restartedMain] org.hibernate.SQL                        : 
    insert 
    into
        likes
        (like_id, member_id, post_id) 
    values
        (default, ?, ?)
2023-02-07 09:10:13.056 DEBUG 70749 --- [restartedMain] org.hibernate.SQL                        : 
    insert 
    into
        likes
        (like_id, member_id, post_id) 
    values
        (default, ?, ?)
2023-02-07 09:10:13.058 DEBUG 70749 --- [restartedMain] org.hibernate.SQL                        : 
    insert 
    into
        revinfo
        (rev, revtstmp) 
    values
        (default, ?)
2023-02-07 09:10:13.060 DEBUG 70749 --- [restartedMain] org.hibernate.SQL                        : 
    insert 
    into
        posts_aud
        (revtype, contents, is_like, title, member_id, post_id, rev) 
    values
        (?, ?, ?, ?, ?, ?, ?)
2023-02-07 09:10:13.060 DEBUG 70749 --- [restartedMain] org.hibernate.SQL                        : 
    insert 
    into
        posts_aud
        (revtype, contents, is_like, title, member_id, post_id, rev) 
    values
        (?, ?, ?, ?, ?, ?, ?)
2023-02-07 09:10:13.061 DEBUG 70749 --- [restartedMain] org.hibernate.SQL                        : 
    insert 
    into
        posts_aud
        (revtype, contents, is_like, title, member_id, post_id, rev) 
    values
        (?, ?, ?, ?, ?, ?, ?)
2023-02-07 09:10:13.214  INFO 70749 --- [restartedMain] o.s.s.web.DefaultSecurityFilterChain     : Will secure any request with [org.springframework.security.web.session.DisableEncodeUrlFilter@2b789c4, org.springframework.security.web.context.request.async.WebAsyncManagerIntegrationFilter@67720c6a, org.springframework.security.web.context.SecurityContextPersistenceFilter@4bdb280e, org.springframework.security.web.header.HeaderWriterFilter@f8cd392, org.springframework.security.web.csrf.CsrfFilter@4e904fbf, org.springframework.security.web.authentication.logout.LogoutFilter@4cfcfcab, org.springframework.security.web.authentication.www.BasicAuthenticationFilter@598e6b33, org.springframework.security.web.savedrequest.RequestCacheAwareFilter@63b52d1e, org.springframework.security.web.servletapi.SecurityContextHolderAwareRequestFilter@a4c72b9, org.springframework.security.web.authentication.AnonymousAuthenticationFilter@37e161b8, org.springframework.security.web.session.SessionManagementFilter@77a62e9, org.springframework.security.web.access.ExceptionTranslationFilter@325352b1, org.springframework.security.web.access.intercept.FilterSecurityInterceptor@6a57529e]
2023-02-07 09:10:13.236  WARN 70749 --- [restartedMain] JpaBaseConfiguration$JpaWebConfiguration : spring.jpa.open-in-view is enabled by default. Therefore, database queries may be performed during view rendering. Explicitly configure spring.jpa.open-in-view to disable this warning
2023-02-07 09:10:13.285  INFO 70749 --- [restartedMain] o.s.b.a.w.s.WelcomePageHandlerMapping    : Adding welcome page template: index
2023-02-07 09:10:13.342  INFO 70749 --- [restartedMain] o.s.b.d.a.OptionalLiveReloadServer       : LiveReload server is running on port 35729
2023-02-07 09:10:13.350  INFO 70749 --- [restartedMain] o.s.b.w.embedded.tomcat.TomcatWebServer  : Tomcat started on port(s): 8080 (http) with context path ''
2023-02-07 09:10:13.353  INFO 70749 --- [restartedMain] z.z.ZaritalkcommunityApplication         : Started ZaritalkcommunityApplication in 1.212 seconds (JVM running for 421.915)
2023-02-07 09:10:13.355  INFO 70749 --- [restartedMain] .ConditionEvaluationDeltaLoggingListener : Condition evaluation unchanged
2023-02-07 09:10:14.764  INFO 70749 --- [File Watcher] rtingClassPathChangeChangedEventListener : Restarting due to 1 class path change (1 addition, 0 deletions, 0 modifications)
2023-02-07 09:10:14.771  INFO 70749 --- [Thread-23] o.apache.catalina.core.StandardService   : Stopping service [Tomcat]
2023-02-07 09:10:14.779  INFO 70749 --- [Thread-23] j.LocalContainerEntityManagerFactoryBean : Closing JPA EntityManagerFactory for persistence unit 'default'
2023-02-07 09:10:14.780  INFO 70749 --- [Thread-23] com.zaxxer.hikari.HikariDataSource       : HikariPool-6 - Shutdown initiated...
2023-02-07 09:10:14.782  INFO 70749 --- [Thread-23] com.zaxxer.hikari.HikariDataSource       : HikariPool-6 - Shutdown completed.
2023-02-07 09:10:14.863  INFO 70749 --- [restartedMain] z.z.ZaritalkcommunityApplication         : Starting ZaritalkcommunityApplication using Java 11.0.16 on HSui-MacBookPro.local with PID 70749 (/Users/hyeseoneun/study/zaritalkcommunity/build/classes/java/main started by hyeseoneun in /Users/hyeseoneun/study/zaritalkcommunity)
2023-02-07 09:10:14.863  INFO 70749 --- [restartedMain] z.z.ZaritalkcommunityApplication         : No active profile set, falling back to 1 default profile: "default"
2023-02-07 09:10:14.998  INFO 70749 --- [restartedMain] .s.d.r.c.RepositoryConfigurationDelegate : Bootstrapping Spring Data JPA repositories in DEFAULT mode.
2023-02-07 09:10:15.013  INFO 70749 --- [restartedMain] .s.d.r.c.RepositoryConfigurationDelegate : Finished Spring Data repository scanning in 15 ms. Found 3 JPA repository interfaces.
2023-02-07 09:10:15.083  INFO 70749 --- [restartedMain] o.s.b.w.embedded.tomcat.TomcatWebServer  : Tomcat initialized with port(s): 8080 (http)
2023-02-07 09:10:15.084  INFO 70749 --- [restartedMain] o.apache.catalina.core.StandardService   : Starting service [Tomcat]
2023-02-07 09:10:15.084  INFO 70749 --- [restartedMain] org.apache.catalina.core.StandardEngine  : Starting Servlet engine: [Apache Tomcat/9.0.71]
2023-02-07 09:10:15.096  INFO 70749 --- [restartedMain] o.a.c.c.C.[Tomcat].[localhost].[/]       : Initializing Spring embedded WebApplicationContext
2023-02-07 09:10:15.096  INFO 70749 --- [restartedMain] w.s.c.ServletWebServerApplicationContext : Root WebApplicationContext: initialization completed in 232 ms
2023-02-07 09:10:15.104  INFO 70749 --- [restartedMain] com.zaxxer.hikari.HikariDataSource       : HikariPool-7 - Starting...
2023-02-07 09:10:15.108  INFO 70749 --- [restartedMain] com.zaxxer.hikari.HikariDataSource       : HikariPool-7 - Start completed.
2023-02-07 09:10:15.108  INFO 70749 --- [restartedMain] o.s.b.a.h2.H2ConsoleAutoConfiguration    : H2 console available at '/h2-console'. Database available at 'jdbc:h2:tcp://localhost/~/zaricommunity'
2023-02-07 09:10:15.132  INFO 70749 --- [restartedMain] o.hibernate.jpa.internal.util.LogHelper  : HHH000204: Processing PersistenceUnitInfo [name: default]
2023-02-07 09:10:15.140  INFO 70749 --- [restartedMain] org.hibernate.dialect.Dialect            : HHH000400: Using dialect: org.hibernate.dialect.H2Dialect
2023-02-07 09:10:15.143  INFO 70749 --- [restartedMain] o.h.e.boot.internal.EnversServiceImpl    : Envers integration enabled? : true
2023-02-07 09:10:15.233 DEBUG 70749 --- [restartedMain] org.hibernate.SQL                        : 
    
    drop table if exists comments CASCADE 
2023-02-07 09:10:15.234 DEBUG 70749 --- [restartedMain] org.hibernate.SQL                        : 
    
    drop table if exists likes CASCADE 
2023-02-07 09:10:15.234 DEBUG 70749 --- [restartedMain] org.hibernate.SQL                        : 
    
    drop table if exists member CASCADE 
2023-02-07 09:10:15.235 DEBUG 70749 --- [restartedMain] org.hibernate.SQL                        : 
    
    drop table if exists posts CASCADE 
2023-02-07 09:10:15.235 DEBUG 70749 --- [restartedMain] org.hibernate.SQL                        : 
    
    drop table if exists posts_aud CASCADE 
2023-02-07 09:10:15.235 DEBUG 70749 --- [restartedMain] org.hibernate.SQL                        : 
    
    drop table if exists revinfo CASCADE 
2023-02-07 09:10:15.236 DEBUG 70749 --- [restartedMain] org.hibernate.SQL                        : 
    
    drop sequence if exists hibernate_sequence
2023-02-07 09:10:15.236 DEBUG 70749 --- [restartedMain] org.hibernate.SQL                        : create sequence hibernate_sequence start with 1 increment by 1
2023-02-07 09:10:15.236 DEBUG 70749 --- [restartedMain] org.hibernate.SQL                        : 
    
    create table comments (
       comment_id bigint not null,
        detail varchar(255),
        member_id bigint,
        post_id bigint,
        primary key (comment_id)
    )
2023-02-07 09:10:15.237 DEBUG 70749 --- [restartedMain] org.hibernate.SQL                        : 
    
    create table likes (
       like_id bigint generated by default as identity,
        member_id bigint,
        post_id bigint,
        primary key (like_id)
    )
2023-02-07 09:10:15.237 DEBUG 70749 --- [restartedMain] org.hibernate.SQL                        : 
    
    create table member (
       member_id bigint generated by default as identity,
        account_id varchar(255),
        account_type varchar(255),
        nickname varchar(255),
        password varchar(255),
        quit boolean default false not null,
        primary key (member_id)
    )
2023-02-07 09:10:15.238 DEBUG 70749 --- [restartedMain] org.hibernate.SQL                        : 
    
    create table posts (
       post_id bigint generated by default as identity,
        created_at timestamp,
        deleted_at timestamp,
        updated_at timestamp,
        contents varchar(255),
        is_like boolean default false,
        title varchar(255),
        member_id bigint,
        primary key (post_id)
    )
2023-02-07 09:10:15.238 DEBUG 70749 --- [restartedMain] org.hibernate.SQL                        : 
    
    create table posts_aud (
       post_id bigint not null,
        rev integer not null,
        revtype tinyint,
        contents varchar(255),
        is_like boolean,
        title varchar(255),
        member_id bigint,
        primary key (post_id, rev)
    )
2023-02-07 09:10:15.239 DEBUG 70749 --- [restartedMain] org.hibernate.SQL                        : 
    
    create table revinfo (
       rev integer generated by default as identity,
        revtstmp bigint,
        primary key (rev)
    )
2023-02-07 09:10:15.240 DEBUG 70749 --- [restartedMain] org.hibernate.SQL                        : 
    
    alter table comments 
       add constraint FK5my97to6xmqeuycmeelttgj44 
       foreign key (member_id) 
       references member
2023-02-07 09:10:15.242 DEBUG 70749 --- [restartedMain] org.hibernate.SQL                        : 
    
    alter table comments 
       add constraint FKh4c7lvsc298whoyd4w9ta25cr 
       foreign key (post_id) 
       references posts
2023-02-07 09:10:15.243 DEBUG 70749 --- [restartedMain] org.hibernate.SQL                        : 
    
    alter table likes 
       add constraint FKa4vkf1skcfu5r6o5gfb5jf295 
       foreign key (member_id) 
       references member
2023-02-07 09:10:15.243 DEBUG 70749 --- [restartedMain] org.hibernate.SQL                        : 
    
    alter table likes 
       add constraint FKry8tnr4x2vwemv2bb0h5hyl0x 
       foreign key (post_id) 
       references posts
2023-02-07 09:10:15.244 DEBUG 70749 --- [restartedMain] org.hibernate.SQL                        : 
    
    alter table posts 
       add constraint FK3vu9977d08lqidrhcrqts8e1r 
       foreign key (member_id) 
       references member
2023-02-07 09:10:15.245 DEBUG 70749 --- [restartedMain] org.hibernate.SQL                        : 
    
    alter table posts_aud 
       add constraint FKgd2crtj4u69d0y8bba9jwogbi 
       foreign key (rev) 
       references revinfo
2023-02-07 09:10:15.247  INFO 70749 --- [restartedMain] o.h.e.t.j.p.i.JtaPlatformInitiator       : HHH000490: Using JtaPlatform implementation: [org.hibernate.engine.transaction.jta.platform.internal.NoJtaPlatform]
2023-02-07 09:10:15.247  INFO 70749 --- [restartedMain] j.LocalContainerEntityManagerFactoryBean : Initialized JPA EntityManagerFactory for persistence unit 'default'
2023-02-07 09:10:15.280 DEBUG 70749 --- [restartedMain] org.hibernate.SQL                        : 
    insert 
    into
        member
        (member_id, account_id, account_type, nickname, password, quit) 
    values
        (default, ?, ?, ?, ?, ?)
2023-02-07 09:10:15.282 DEBUG 70749 --- [restartedMain] org.hibernate.SQL                        : 
    insert 
    into
        member
        (member_id, account_id, account_type, nickname, password, quit) 
    values
        (default, ?, ?, ?, ?, ?)
2023-02-07 09:10:15.282 DEBUG 70749 --- [restartedMain] org.hibernate.SQL                        : 
    insert 
    into
        member
        (member_id, account_id, account_type, nickname, password, quit) 
    values
        (default, ?, ?, ?, ?, ?)
2023-02-07 09:10:15.299 DEBUG 70749 --- [restartedMain] org.hibernate.SQL                        : 
    insert 
    into
        posts
        (post_id, created_at, deleted_at, updated_at, contents, is_like, member_id, title) 
    values
        (default, ?, ?, ?, ?, ?, ?, ?)
2023-02-07 09:10:15.301 DEBUG 70749 --- [restartedMain] org.hibernate.SQL                        : 
    insert 
    into
        posts
        (post_id, created_at, deleted_at, updated_at, contents, is_like, member_id, title) 
    values
        (default, ?, ?, ?, ?, ?, ?, ?)
2023-02-07 09:10:15.302 DEBUG 70749 --- [restartedMain] org.hibernate.SQL                        : 
    insert 
    into
        posts
        (post_id, created_at, deleted_at, updated_at, contents, is_like, member_id, title) 
    values
        (default, ?, ?, ?, ?, ?, ?, ?)
2023-02-07 09:10:15.304 DEBUG 70749 --- [restartedMain] org.hibernate.SQL                        : 
    insert 
    into
        likes
        (like_id, member_id, post_id) 
    values
        (default, ?, ?)
2023-02-07 09:10:15.305 DEBUG 70749 --- [restartedMain] org.hibernate.SQL                        : 
    insert 
    into
        likes
        (like_id, member_id, post_id) 
    values
        (default, ?, ?)
2023-02-07 09:10:15.307 DEBUG 70749 --- [restartedMain] org.hibernate.SQL                        : 
    insert 
    into
        revinfo
        (rev, revtstmp) 
    values
        (default, ?)
2023-02-07 09:10:15.308 DEBUG 70749 --- [restartedMain] org.hibernate.SQL                        : 
    insert 
    into
        posts_aud
        (revtype, contents, is_like, title, member_id, post_id, rev) 
    values
        (?, ?, ?, ?, ?, ?, ?)
2023-02-07 09:10:15.309 DEBUG 70749 --- [restartedMain] org.hibernate.SQL                        : 
    insert 
    into
        posts_aud
        (revtype, contents, is_like, title, member_id, post_id, rev) 
    values
        (?, ?, ?, ?, ?, ?, ?)
2023-02-07 09:10:15.310 DEBUG 70749 --- [restartedMain] org.hibernate.SQL                        : 
    insert 
    into
        posts_aud
        (revtype, contents, is_like, title, member_id, post_id, rev) 
    values
        (?, ?, ?, ?, ?, ?, ?)
2023-02-07 09:10:15.431  INFO 70749 --- [restartedMain] o.s.s.web.DefaultSecurityFilterChain     : Will secure any request with [org.springframework.security.web.session.DisableEncodeUrlFilter@2c7ce2dd, org.springframework.security.web.context.request.async.WebAsyncManagerIntegrationFilter@3cbbf0db, org.springframework.security.web.context.SecurityContextPersistenceFilter@42fc6faa, org.springframework.security.web.header.HeaderWriterFilter@1bf7ce1d, org.springframework.security.web.csrf.CsrfFilter@11b8ce73, org.springframework.security.web.authentication.logout.LogoutFilter@8cd7ee5, org.springframework.security.web.authentication.www.BasicAuthenticationFilter@14d00737, org.springframework.security.web.savedrequest.RequestCacheAwareFilter@1e3c6999, org.springframework.security.web.servletapi.SecurityContextHolderAwareRequestFilter@3b1ecb65, org.springframework.security.web.authentication.AnonymousAuthenticationFilter@6da50366, org.springframework.security.web.session.SessionManagementFilter@15e0f033, org.springframework.security.web.access.ExceptionTranslationFilter@278f726e, org.springframework.security.web.access.intercept.FilterSecurityInterceptor@6c57b311]
2023-02-07 09:10:15.445  WARN 70749 --- [restartedMain] JpaBaseConfiguration$JpaWebConfiguration : spring.jpa.open-in-view is enabled by default. Therefore, database queries may be performed during view rendering. Explicitly configure spring.jpa.open-in-view to disable this warning
2023-02-07 09:10:15.481  INFO 70749 --- [restartedMain] o.s.b.a.w.s.WelcomePageHandlerMapping    : Adding welcome page template: index
2023-02-07 09:10:15.519  INFO 70749 --- [restartedMain] o.s.b.d.a.OptionalLiveReloadServer       : LiveReload server is running on port 35729
2023-02-07 09:10:15.526  INFO 70749 --- [restartedMain] o.s.b.w.embedded.tomcat.TomcatWebServer  : Tomcat started on port(s): 8080 (http) with context path ''
2023-02-07 09:10:15.528  INFO 70749 --- [restartedMain] z.z.ZaritalkcommunityApplication         : Started ZaritalkcommunityApplication in 0.685 seconds (JVM running for 424.09)
2023-02-07 09:10:15.529  INFO 70749 --- [restartedMain] .ConditionEvaluationDeltaLoggingListener : Condition evaluation unchanged
2023-02-07 09:10:27.861  INFO 70749 --- [http-nio-8080-exec-1] o.a.c.c.C.[Tomcat].[localhost].[/]       : Initializing Spring DispatcherServlet 'dispatcherServlet'
2023-02-07 09:10:27.861  INFO 70749 --- [http-nio-8080-exec-1] o.s.web.servlet.DispatcherServlet        : Initializing Servlet 'dispatcherServlet'
2023-02-07 09:10:27.862  INFO 70749 --- [http-nio-8080-exec-1] o.s.web.servlet.DispatcherServlet        : Completed initialization in 1 ms
2023-02-07 09:10:58.182 DEBUG 70749 --- [http-nio-8080-exec-4] org.hibernate.SQL                        : 
    select
        postentity0_.post_id as col_0_0_,
        postentity0_.title as col_1_0_,
        postentity0_.contents as col_2_0_,
        memberenti1_.member_id as col_3_0_,
        memberenti1_.nickname as col_4_0_,
        memberenti1_.account_type as col_5_0_ 
    from
        posts postentity0_ 
    left outer join
        member memberenti1_ 
            on postentity0_.member_id=memberenti1_.member_id 
    where
        postentity0_.post_id=?
2023-02-07 09:11:28.367  INFO 70749 --- [SpringApplicationShutdownHook] j.LocalContainerEntityManagerFactoryBean : Closing JPA EntityManagerFactory for persistence unit 'default'
2023-02-07 09:11:28.368  INFO 70749 --- [SpringApplicationShutdownHook] com.zaxxer.hikari.HikariDataSource       : HikariPool-7 - Shutdown initiated...
2023-02-07 09:11:28.373  INFO 70749 --- [SpringApplicationShutdownHook] com.zaxxer.hikari.HikariDataSource       : HikariPool-7 - Shutdown completed.
